mode: atomic
github.com/dubbogo/gost/bytes/bytes_buffer_pool.go:29.13,30.48 1 1
github.com/dubbogo/gost/bytes/bytes_buffer_pool.go:30.48,32.3 1 1
github.com/dubbogo/gost/bytes/bytes_buffer_pool.go:36.37,38.2 1 1
github.com/dubbogo/gost/bytes/bytes_buffer_pool.go:41.40,43.2 1 1
github.com/dubbogo/gost/bytes/bytes_buffer_pool.go:58.39,60.2 1 1
github.com/dubbogo/gost/bytes/bytes_buffer_pool.go:63.39,65.14 2 1
github.com/dubbogo/gost/bytes/bytes_buffer_pool.go:69.2,69.23 1 0
github.com/dubbogo/gost/bytes/bytes_buffer_pool.go:65.14,67.3 1 1
github.com/dubbogo/gost/bytes/bytes_buffer_pool.go:73.40,76.2 2 1
github.com/dubbogo/gost/bytes/bytes_pool.go:34.46,40.32 5 6
github.com/dubbogo/gost/bytes/bytes_pool.go:47.2,47.11 1 6
github.com/dubbogo/gost/bytes/bytes_pool.go:40.32,42.51 2 62
github.com/dubbogo/gost/bytes/bytes_pool.go:42.51,45.4 2 243193
github.com/dubbogo/gost/bytes/bytes_pool.go:51.41,53.2 1 0
github.com/dubbogo/gost/bytes/bytes_pool.go:55.46,56.33 1 10840632
github.com/dubbogo/gost/bytes/bytes_pool.go:61.2,61.18 1 105287
github.com/dubbogo/gost/bytes/bytes_pool.go:56.33,57.26 1 25142953
github.com/dubbogo/gost/bytes/bytes_pool.go:57.26,59.4 1 10735345
github.com/dubbogo/gost/bytes/bytes_pool.go:65.53,67.22 2 1025582
github.com/dubbogo/gost/bytes/bytes_pool.go:72.2,74.13 3 972939
github.com/dubbogo/gost/bytes/bytes_pool.go:67.22,70.3 2 52643
github.com/dubbogo/gost/bytes/bytes_pool.go:78.49,81.49 3 1025582
github.com/dubbogo/gost/bytes/bytes_pool.go:85.2,85.25 1 972939
github.com/dubbogo/gost/bytes/bytes_pool.go:81.49,83.3 1 52643
github.com/dubbogo/gost/bytes/bytes_pool.go:89.37,89.83 1 1023522
github.com/dubbogo/gost/bytes/bytes_pool.go:92.33,92.72 1 1023522
github.com/dubbogo/gost/bytes/slice_pool.go:29.13,31.2 1 1
github.com/dubbogo/gost/bytes/slice_pool.go:42.32,44.40 2 4
github.com/dubbogo/gost/bytes/slice_pool.go:47.2,50.10 2 4
github.com/dubbogo/gost/bytes/slice_pool.go:44.40,46.3 1 52
github.com/dubbogo/gost/bytes/slice_pool.go:54.43,56.2 1 2060
github.com/dubbogo/gost/bytes/slice_pool.go:59.39,61.2 1 2060
github.com/dubbogo/gost/bytes/slice_pool.go:66.33,68.2 1 0
github.com/dubbogo/gost/bytes/slice_pool.go:73.28,75.2 1 0
github.com/dubbogo/gost/container/queue/poolqueue.go:87.63,92.2 4 32693204
github.com/dubbogo/gost/container/queue/poolqueue.go:94.54,98.2 2 6289680
github.com/dubbogo/gost/container/queue/poolqueue.go:102.54,105.59 3 2031664
github.com/dubbogo/gost/container/queue/poolqueue.go:109.2,113.16 3 2002004
github.com/dubbogo/gost/container/queue/poolqueue.go:120.2,120.16 1 2000000
github.com/dubbogo/gost/container/queue/poolqueue.go:123.2,128.13 3 2000000
github.com/dubbogo/gost/container/queue/poolqueue.go:105.59,108.3 1 29660
github.com/dubbogo/gost/container/queue/poolqueue.go:113.16,117.3 1 2004
github.com/dubbogo/gost/container/queue/poolqueue.go:120.16,122.3 1 0
github.com/dubbogo/gost/container/queue/poolqueue.go:134.53,136.6 2 200000
github.com/dubbogo/gost/container/queue/poolqueue.go:156.2,157.28 2 186383
github.com/dubbogo/gost/container/queue/poolqueue.go:162.2,163.18 2 186383
github.com/dubbogo/gost/container/queue/poolqueue.go:136.6,139.19 3 372017
github.com/dubbogo/gost/container/queue/poolqueue.go:147.3,149.60 3 358400
github.com/dubbogo/gost/container/queue/poolqueue.go:139.19,142.4 1 13617
github.com/dubbogo/gost/container/queue/poolqueue.go:149.60,152.9 2 186383
github.com/dubbogo/gost/container/queue/poolqueue.go:157.28,159.3 1 0
github.com/dubbogo/gost/container/queue/poolqueue.go:169.53,171.6 2 26171860
github.com/dubbogo/gost/container/queue/poolqueue.go:191.2,192.28 2 1813617
github.com/dubbogo/gost/container/queue/poolqueue.go:202.2,206.18 3 1813617
github.com/dubbogo/gost/container/queue/poolqueue.go:171.6,174.19 3 30289523
github.com/dubbogo/gost/container/queue/poolqueue.go:182.3,183.60 2 5931280
github.com/dubbogo/gost/container/queue/poolqueue.go:174.19,177.4 1 24358243
github.com/dubbogo/gost/container/queue/poolqueue.go:183.60,186.9 2 1813617
github.com/dubbogo/gost/container/queue/poolqueue.go:192.28,194.3 1 0
github.com/dubbogo/gost/container/queue/poolqueue.go:210.53,211.18 1 5
github.com/dubbogo/gost/container/queue/poolqueue.go:214.2,217.15 2 2
github.com/dubbogo/gost/container/queue/poolqueue.go:211.18,213.3 1 3
github.com/dubbogo/gost/container/queue/queue.go:44.31,45.18 1 6564690
github.com/dubbogo/gost/container/queue/queue.go:49.2,53.13 5 8
github.com/dubbogo/gost/container/queue/queue.go:45.18,47.3 1 6564682
github.com/dubbogo/gost/container/queue/queue.go:56.35,58.2 1 26
github.com/dubbogo/gost/container/queue/queue.go:60.38,61.18 1 19
github.com/dubbogo/gost/container/queue/queue.go:64.2,64.20 1 18
github.com/dubbogo/gost/container/queue/queue.go:61.18,63.3 1 1
github.com/dubbogo/gost/container/queue/queue.go:64.20,65.22 1 22
github.com/dubbogo/gost/container/queue/queue.go:65.22,68.4 2 17
github.com/dubbogo/gost/container/queue/queue.go:75.53,77.31 2 3622668
github.com/dubbogo/gost/container/queue/queue.go:81.2,87.20 5 3622668
github.com/dubbogo/gost/container/queue/queue.go:77.31,79.3 1 6
github.com/dubbogo/gost/container/queue/queue.go:90.48,91.22 1 1
github.com/dubbogo/gost/container/queue/queue.go:95.2,95.26 1 1
github.com/dubbogo/gost/container/queue/queue.go:91.22,93.3 1 0
github.com/dubbogo/gost/container/queue/queue.go:98.81,101.22 2 4
github.com/dubbogo/gost/container/queue/queue.go:107.2,109.30 3 3
github.com/dubbogo/gost/container/queue/queue.go:119.2,120.20 2 3
github.com/dubbogo/gost/container/queue/queue.go:101.22,105.3 1 1
github.com/dubbogo/gost/container/queue/queue.go:109.30,110.21 1 7
github.com/dubbogo/gost/container/queue/queue.go:114.3,116.20 3 4
github.com/dubbogo/gost/container/queue/queue.go:110.21,111.9 1 3
github.com/dubbogo/gost/container/queue/queue.go:130.22,135.2 1 22
github.com/dubbogo/gost/container/queue/queue.go:147.29,151.2 1 6165
github.com/dubbogo/gost/container/queue/queue.go:154.49,155.21 1 6564685
github.com/dubbogo/gost/container/queue/queue.go:159.2,162.40 3 6564684
github.com/dubbogo/gost/container/queue/queue.go:166.2,167.6 2 6564683
github.com/dubbogo/gost/container/queue/queue.go:184.2,184.12 1 6564683
github.com/dubbogo/gost/container/queue/queue.go:155.21,157.3 1 1
github.com/dubbogo/gost/container/queue/queue.go:162.40,164.3 1 1
github.com/dubbogo/gost/container/queue/queue.go:167.6,169.18 2 6564685
github.com/dubbogo/gost/container/queue/queue.go:172.3,173.10 2 4
github.com/dubbogo/gost/container/queue/queue.go:179.3,179.24 1 4
github.com/dubbogo/gost/container/queue/queue.go:169.18,170.9 1 6564681
github.com/dubbogo/gost/container/queue/queue.go:174.27,175.24 1 4
github.com/dubbogo/gost/container/queue/queue.go:176.11,176.11 0 0
github.com/dubbogo/gost/container/queue/queue.go:179.24,180.9 1 2
github.com/dubbogo/gost/container/queue/queue.go:191.58,193.2 1 1955668
github.com/dubbogo/gost/container/queue/queue.go:200.82,201.16 1 3622685
github.com/dubbogo/gost/container/queue/queue.go:206.2,208.40 2 3622684
github.com/dubbogo/gost/container/queue/queue.go:213.2,215.23 2 3622682
github.com/dubbogo/gost/container/queue/queue.go:250.2,252.19 3 3622664
github.com/dubbogo/gost/container/queue/queue.go:201.16,204.3 1 1
github.com/dubbogo/gost/container/queue/queue.go:208.40,211.3 2 2
github.com/dubbogo/gost/container/queue/queue.go:215.23,221.18 5 18
github.com/dubbogo/gost/container/queue/queue.go:224.3,224.10 1 18
github.com/dubbogo/gost/container/queue/queue.go:221.18,223.4 1 13
github.com/dubbogo/gost/container/queue/queue.go:225.21,227.42 1 5
github.com/dubbogo/gost/container/queue/queue.go:230.4,232.21 3 4
github.com/dubbogo/gost/container/queue/queue.go:233.19,235.11 1 13
github.com/dubbogo/gost/container/queue/queue.go:246.4,246.26 1 13
github.com/dubbogo/gost/container/queue/queue.go:227.42,229.5 1 1
github.com/dubbogo/gost/container/queue/queue.go:236.28,241.20 3 13
github.com/dubbogo/gost/container/queue/queue.go:242.12,244.25 1 0
github.com/dubbogo/gost/container/queue/queue.go:257.45,261.40 3 2
github.com/dubbogo/gost/container/queue/queue.go:265.2,266.9 2 1
github.com/dubbogo/gost/container/queue/queue.go:270.2,270.22 1 1
github.com/dubbogo/gost/container/queue/queue.go:261.40,263.3 1 1
github.com/dubbogo/gost/container/queue/queue.go:266.9,268.3 1 0
github.com/dubbogo/gost/container/queue/queue.go:276.86,277.20 1 5
github.com/dubbogo/gost/container/queue/queue.go:281.2,283.40 2 5
github.com/dubbogo/gost/container/queue/queue.go:288.2,290.20 3 4
github.com/dubbogo/gost/container/queue/queue.go:277.20,279.3 1 0
github.com/dubbogo/gost/container/queue/queue.go:283.40,286.3 2 1
github.com/dubbogo/gost/container/queue/queue.go:294.30,299.2 3 4
github.com/dubbogo/gost/container/queue/queue.go:302.29,307.2 3 9
github.com/dubbogo/gost/container/queue/queue.go:311.33,316.2 3 1
github.com/dubbogo/gost/container/queue/queue.go:321.41,326.35 4 1565
github.com/dubbogo/gost/container/queue/queue.go:336.2,341.22 4 1565
github.com/dubbogo/gost/container/queue/queue.go:326.35,328.10 2 1
github.com/dubbogo/gost/container/queue/queue.go:329.29,329.29 0 1
github.com/dubbogo/gost/container/queue/queue.go:331.11,331.11 0 0
github.com/dubbogo/gost/container/queue/queue.go:348.56,349.14 1 1558
github.com/dubbogo/gost/container/queue/queue.go:353.2,357.17 3 1558
github.com/dubbogo/gost/container/queue/queue.go:361.2,362.26 2 1557
github.com/dubbogo/gost/container/queue/queue.go:366.2,370.30 4 1557
github.com/dubbogo/gost/container/queue/queue.go:384.2,386.13 3 1557
github.com/dubbogo/gost/container/queue/queue.go:349.14,351.3 1 0
github.com/dubbogo/gost/container/queue/queue.go:357.17,359.3 1 1
github.com/dubbogo/gost/container/queue/queue.go:362.26,364.3 1 1557
github.com/dubbogo/gost/container/queue/queue.go:370.30,371.13 1 4671
github.com/dubbogo/gost/container/queue/queue.go:371.13,372.8 1 4671
github.com/dubbogo/gost/container/queue/queue.go:372.8,374.31 2 1560681
github.com/dubbogo/gost/container/queue/queue.go:379.5,380.21 2 1556010
github.com/dubbogo/gost/container/queue/queue.go:374.31,376.11 2 4671
github.com/dubbogo/gost/container/set/hashset.go:31.45,33.21 2 41
github.com/dubbogo/gost/container/set/hashset.go:36.2,36.12 1 41
github.com/dubbogo/gost/container/set/hashset.go:33.21,35.3 1 1
github.com/dubbogo/gost/container/set/hashset.go:39.47,40.29 1 19802410
github.com/dubbogo/gost/container/set/hashset.go:40.29,42.3 1 19802414
github.com/dubbogo/gost/container/set/hashset.go:45.50,46.29 1 32511506
github.com/dubbogo/gost/container/set/hashset.go:46.29,48.3 1 32511504
github.com/dubbogo/gost/container/set/hashset.go:51.57,52.29 1 19009507
github.com/dubbogo/gost/container/set/hashset.go:57.2,57.13 1 19009505
github.com/dubbogo/gost/container/set/hashset.go:52.29,53.48 1 19009511
github.com/dubbogo/gost/container/set/hashset.go:53.48,55.4 1 2
github.com/dubbogo/gost/container/set/hashset.go:59.34,61.2 1 1
github.com/dubbogo/gost/container/set/hashset.go:62.32,64.2 1 6
github.com/dubbogo/gost/container/set/hashset.go:66.29,68.2 1 0
github.com/dubbogo/gost/container/set/hashset.go:70.44,73.30 3 0
github.com/dubbogo/gost/container/set/hashset.go:77.2,77.15 1 0
github.com/dubbogo/gost/container/set/hashset.go:73.30,76.3 2 0
github.com/dubbogo/gost/container/set/hashset.go:79.37,82.27 3 0
github.com/dubbogo/gost/container/set/hashset.go:85.2,86.12 2 0
github.com/dubbogo/gost/container/set/hashset.go:82.27,84.3 1 0
github.com/dubbogo/gost/context/context.go:34.58,37.2 2 2
github.com/dubbogo/gost/context/context.go:39.57,41.2 1 1
github.com/dubbogo/gost/context/context.go:43.41,45.2 1 0
github.com/dubbogo/gost/context/context.go:51.59,52.16 1 1
github.com/dubbogo/gost/context/context.go:56.2,62.3 1 1
github.com/dubbogo/gost/context/context.go:52.16,54.3 1 0
github.com/dubbogo/gost/context/context.go:65.66,67.2 1 2
github.com/dubbogo/gost/context/context.go:69.49,71.2 1 0
github.com/dubbogo/gost/context/context.go:73.65,75.2 1 1
github.com/dubbogo/gost/encoding/json/parser.go:49.46,56.2 1 3
github.com/dubbogo/gost/encoding/json/parser.go:59.82,60.15 1 1
github.com/dubbogo/gost/encoding/json/parser.go:63.2,63.62 1 1
github.com/dubbogo/gost/encoding/json/parser.go:60.15,62.3 1 1
github.com/dubbogo/gost/encoding/json/parser.go:66.13,68.2 1 1
github.com/dubbogo/gost/encoding/json/parser.go:73.74,74.15 1 0
github.com/dubbogo/gost/encoding/json/parser.go:77.2,77.69 1 0
github.com/dubbogo/gost/encoding/json/parser.go:74.15,76.3 1 0
github.com/dubbogo/gost/encoding/json/parser.go:80.108,81.18 1 9
github.com/dubbogo/gost/encoding/json/parser.go:135.2,135.12 1 9
github.com/dubbogo/gost/encoding/json/parser.go:82.25,87.17 4 1
github.com/dubbogo/gost/encoding/json/parser.go:90.3,98.60 3 1
github.com/dubbogo/gost/encoding/json/parser.go:100.24,100.24 0 0
github.com/dubbogo/gost/encoding/json/parser.go:101.25,105.17 3 8
github.com/dubbogo/gost/encoding/json/parser.go:124.3,124.19 1 8
github.com/dubbogo/gost/encoding/json/parser.go:127.3,130.5 1 8
github.com/dubbogo/gost/encoding/json/parser.go:131.10,133.79 2 0
github.com/dubbogo/gost/encoding/json/parser.go:87.17,89.4 1 0
github.com/dubbogo/gost/encoding/json/parser.go:106.14,107.39 1 2
github.com/dubbogo/gost/encoding/json/parser.go:108.17,109.40 1 5
github.com/dubbogo/gost/encoding/json/parser.go:110.17,111.47 1 0
github.com/dubbogo/gost/encoding/json/parser.go:112.20,113.49 1 0
github.com/dubbogo/gost/encoding/json/parser.go:114.18,115.48 1 0
github.com/dubbogo/gost/encoding/json/parser.go:116.18,117.48 1 0
github.com/dubbogo/gost/encoding/json/parser.go:118.15,119.43 1 1
github.com/dubbogo/gost/encoding/json/parser.go:120.11,122.80 2 0
github.com/dubbogo/gost/encoding/json/parser.go:124.19,126.4 1 2
github.com/dubbogo/gost/encoding/json/parser.go:139.71,141.64 1 2
github.com/dubbogo/gost/encoding/json/parser.go:146.2,151.38 4 2
github.com/dubbogo/gost/encoding/json/parser.go:188.2,189.10 2 2
github.com/dubbogo/gost/encoding/json/parser.go:141.64,143.3 1 0
github.com/dubbogo/gost/encoding/json/parser.go:151.38,154.19 3 9
github.com/dubbogo/gost/encoding/json/parser.go:158.3,158.48 1 3
github.com/dubbogo/gost/encoding/json/parser.go:162.3,162.30 1 2
github.com/dubbogo/gost/encoding/json/parser.go:154.19,155.12 1 6
github.com/dubbogo/gost/encoding/json/parser.go:158.48,160.12 2 1
github.com/dubbogo/gost/encoding/json/parser.go:163.53,164.58 1 0
github.com/dubbogo/gost/encoding/json/parser.go:168.4,168.24 1 0
github.com/dubbogo/gost/encoding/json/parser.go:169.27,170.32 1 2
github.com/dubbogo/gost/encoding/json/parser.go:171.36,171.36 0 0
github.com/dubbogo/gost/encoding/json/parser.go:173.63,174.70 1 0
github.com/dubbogo/gost/encoding/json/parser.go:178.4,178.26 1 0
github.com/dubbogo/gost/encoding/json/parser.go:179.30,180.41 1 0
github.com/dubbogo/gost/encoding/json/parser.go:183.11,185.69 2 0
github.com/dubbogo/gost/encoding/json/parser.go:164.58,166.10 2 0
github.com/dubbogo/gost/encoding/json/parser.go:174.70,176.10 2 0
github.com/dubbogo/gost/encoding/json/parser.go:180.41,182.5 1 0
github.com/dubbogo/gost/encoding/json/parser.go:193.111,195.16 2 1
github.com/dubbogo/gost/encoding/json/parser.go:198.2,198.64 1 1
github.com/dubbogo/gost/encoding/json/parser.go:195.16,197.3 1 0
github.com/dubbogo/gost/encoding/json/parser.go:202.98,208.28 6 0
github.com/dubbogo/gost/encoding/json/parser.go:217.2,220.30 4 0
github.com/dubbogo/gost/encoding/json/parser.go:223.2,223.32 1 0
github.com/dubbogo/gost/encoding/json/parser.go:208.28,209.38 1 0
github.com/dubbogo/gost/encoding/json/parser.go:209.38,215.4 2 0
github.com/dubbogo/gost/encoding/json/parser.go:220.30,222.3 1 0
github.com/dubbogo/gost/encoding/json/parser.go:227.56,231.28 4 1
github.com/dubbogo/gost/encoding/json/parser.go:236.2,236.66 1 0
github.com/dubbogo/gost/encoding/json/parser.go:231.28,232.43 1 4
github.com/dubbogo/gost/encoding/json/parser.go:232.43,234.4 1 1
github.com/dubbogo/gost/hash/page/page.go:31.32,33.2 1 1
github.com/dubbogo/gost/hash/page/page.go:36.34,38.2 1 1
github.com/dubbogo/gost/hash/page/page.go:41.36,43.2 1 1
github.com/dubbogo/gost/hash/page/page.go:46.40,48.2 1 3
github.com/dubbogo/gost/hash/page/page.go:52.34,54.2 1 2
github.com/dubbogo/gost/hash/page/page.go:57.31,59.2 1 2
github.com/dubbogo/gost/hash/page/page.go:62.31,64.2 1 1
github.com/dubbogo/gost/hash/page/page.go:68.43,72.16 3 2
github.com/dubbogo/gost/hash/page/page.go:76.2,85.3 2 2
github.com/dubbogo/gost/hash/page/page.go:72.16,74.3 1 2
github.com/dubbogo/gost/log/color.go:60.28,68.2 3 5
github.com/dubbogo/gost/log/color.go:70.64,71.39 1 0
github.com/dubbogo/gost/log/color.go:71.39,73.3 1 0
github.com/dubbogo/gost/log/color.go:73.8,75.3 1 0
github.com/dubbogo/gost/log/color.go:78.66,80.39 2 3
github.com/dubbogo/gost/log/color.go:80.39,82.3 1 3
github.com/dubbogo/gost/log/color.go:82.8,84.3 1 0
github.com/dubbogo/gost/log/color.go:87.65,89.39 2 0
github.com/dubbogo/gost/log/color.go:89.39,91.3 1 0
github.com/dubbogo/gost/log/color.go:91.8,93.3 1 0
github.com/dubbogo/gost/log/color.go:96.67,98.39 2 2
github.com/dubbogo/gost/log/color.go:98.39,100.3 1 2
github.com/dubbogo/gost/log/color.go:100.8,102.3 1 0
github.com/dubbogo/gost/log/color.go:105.49,107.2 1 1
github.com/dubbogo/gost/log/color.go:109.48,111.2 1 1
github.com/dubbogo/gost/log/color.go:113.48,115.2 1 1
github.com/dubbogo/gost/log/color.go:117.49,119.2 1 1
github.com/dubbogo/gost/log/color.go:121.49,123.2 1 0
github.com/dubbogo/gost/log/pretty.go:27.41,29.2 1 1
github.com/dubbogo/gost/log/pretty.go:31.40,33.2 1 0
github.com/dubbogo/gost/log/pretty.go:35.42,37.2 1 0
github.com/dubbogo/gost/log/pretty.go:39.59,41.2 1 0
github.com/dubbogo/gost/log/pretty.go:43.32,45.2 1 0
github.com/dubbogo/gost/log/pretty.go:47.34,49.2 1 1
github.com/dubbogo/gost/log/pretty.go:51.51,53.2 1 1
github.com/dubbogo/gost/math/compare.go:21.80,22.23 1 4
github.com/dubbogo/gost/math/compare.go:25.2,25.33 1 1
github.com/dubbogo/gost/math/compare.go:22.23,24.3 1 3
github.com/dubbogo/gost/math/compare.go:28.80,29.23 1 2
github.com/dubbogo/gost/math/compare.go:32.2,32.33 1 1
github.com/dubbogo/gost/math/compare.go:29.23,31.3 1 1
github.com/dubbogo/gost/math/big/integer.go:42.39,44.2 1 0
github.com/dubbogo/gost/math/big/integer.go:47.52,49.9 2 30
github.com/dubbogo/gost/math/big/integer.go:52.2,52.8 1 30
github.com/dubbogo/gost/math/big/integer.go:49.9,51.3 1 4
github.com/dubbogo/gost/math/big/integer.go:57.59,58.34 1 19
github.com/dubbogo/gost/math/big/integer.go:62.2,63.32 2 18
github.com/dubbogo/gost/math/big/integer.go:66.2,68.18 2 18
github.com/dubbogo/gost/math/big/integer.go:58.34,60.3 1 1
github.com/dubbogo/gost/math/big/integer.go:63.32,65.3 1 38
github.com/dubbogo/gost/math/big/integer.go:68.18,70.3 1 4
github.com/dubbogo/gost/math/big/integer.go:74.61,79.16 4 19
github.com/dubbogo/gost/math/big/integer.go:83.2,87.28 3 19
github.com/dubbogo/gost/math/big/integer.go:91.2,91.8 1 19
github.com/dubbogo/gost/math/big/integer.go:79.16,81.3 1 13
github.com/dubbogo/gost/math/big/integer.go:87.28,89.3 1 38
github.com/dubbogo/gost/math/big/integer.go:94.36,96.2 1 0
github.com/dubbogo/gost/math/big/integer.go:98.44,100.2 1 0
github.com/dubbogo/gost/math/big/integer.go:102.35,102.62 1 27
github.com/dubbogo/gost/math/big/integer.go:104.48,104.73 1 0
github.com/dubbogo/gost/math/big/integer.go:106.47,106.77 1 0
github.com/dubbogo/gost/math/big/integer.go:107.47,107.80 1 0
github.com/dubbogo/gost/math/big/integer.go:109.58,109.90 1 0
github.com/dubbogo/gost/math/big/integer.go:110.58,110.96 1 0
github.com/dubbogo/gost/math/big/integer.go:112.52,112.84 1 0
github.com/dubbogo/gost/math/big/integer.go:113.52,113.90 1 1
github.com/dubbogo/gost/math/big/decimal.go:123.44,125.21 2 20232
github.com/dubbogo/gost/math/big/decimal.go:131.2,131.19 1 20232
github.com/dubbogo/gost/math/big/decimal.go:125.21,128.3 2 3
github.com/dubbogo/gost/math/big/decimal.go:128.8,130.3 1 20229
github.com/dubbogo/gost/math/big/decimal.go:136.45,138.21 2 61
github.com/dubbogo/gost/math/big/decimal.go:145.2,145.21 1 61
github.com/dubbogo/gost/math/big/decimal.go:149.2,149.26 1 61
github.com/dubbogo/gost/math/big/decimal.go:138.21,141.3 2 6
github.com/dubbogo/gost/math/big/decimal.go:141.8,143.3 1 55
github.com/dubbogo/gost/math/big/decimal.go:145.21,148.3 2 2
github.com/dubbogo/gost/math/big/decimal.go:153.44,155.14 2 31
github.com/dubbogo/gost/math/big/decimal.go:161.2,161.20 1 31
github.com/dubbogo/gost/math/big/decimal.go:155.14,158.3 2 14
github.com/dubbogo/gost/math/big/decimal.go:158.8,160.3 1 17
github.com/dubbogo/gost/math/big/decimal.go:166.45,168.14 2 51
github.com/dubbogo/gost/math/big/decimal.go:174.2,174.14 1 51
github.com/dubbogo/gost/math/big/decimal.go:178.2,178.20 1 51
github.com/dubbogo/gost/math/big/decimal.go:168.14,171.3 2 18
github.com/dubbogo/gost/math/big/decimal.go:171.8,173.3 1 33
github.com/dubbogo/gost/math/big/decimal.go:174.14,177.3 2 0
github.com/dubbogo/gost/math/big/decimal.go:182.94,183.37 1 749
github.com/dubbogo/gost/math/big/decimal.go:189.2,189.33 1 745
github.com/dubbogo/gost/math/big/decimal.go:183.37,184.28 1 4
github.com/dubbogo/gost/math/big/decimal.go:187.3,187.55 1 2
github.com/dubbogo/gost/math/big/decimal.go:184.28,186.4 1 2
github.com/dubbogo/gost/math/big/decimal.go:198.48,200.25 2 1578007
github.com/dubbogo/gost/math/big/decimal.go:204.2,204.16 1 1578007
github.com/dubbogo/gost/math/big/decimal.go:200.25,203.3 2 809
github.com/dubbogo/gost/math/big/decimal.go:213.49,215.28 2 132373
github.com/dubbogo/gost/math/big/decimal.go:219.2,219.17 1 132373
github.com/dubbogo/gost/math/big/decimal.go:215.28,218.3 2 617107
github.com/dubbogo/gost/math/big/decimal.go:222.36,223.65 1 2091107
github.com/dubbogo/gost/math/big/decimal.go:226.2,226.53 1 2
github.com/dubbogo/gost/math/big/decimal.go:223.65,225.3 1 2091105
github.com/dubbogo/gost/math/big/decimal.go:250.39,252.2 1 0
github.com/dubbogo/gost/math/big/decimal.go:255.37,257.2 1 0
github.com/dubbogo/gost/math/big/decimal.go:260.40,262.2 1 0
github.com/dubbogo/gost/math/big/decimal.go:265.35,270.2 3 30
github.com/dubbogo/gost/math/big/decimal.go:272.36,275.2 1 303
github.com/dubbogo/gost/math/big/decimal.go:277.69,280.47 3 2366801
github.com/dubbogo/gost/math/big/decimal.go:285.2,285.19 1 2366801
github.com/dubbogo/gost/math/big/decimal.go:290.2,290.8 1 2366801
github.com/dubbogo/gost/math/big/decimal.go:280.47,284.3 3 986029
github.com/dubbogo/gost/math/big/decimal.go:285.19,287.3 1 1577850
github.com/dubbogo/gost/math/big/decimal.go:287.8,289.3 1 788951
github.com/dubbogo/gost/math/big/decimal.go:293.75,297.54 4 528932
github.com/dubbogo/gost/math/big/decimal.go:302.2,302.20 1 528932
github.com/dubbogo/gost/math/big/decimal.go:307.2,307.8 1 528932
github.com/dubbogo/gost/math/big/decimal.go:297.54,301.3 3 308512
github.com/dubbogo/gost/math/big/decimal.go:302.20,304.3 1 132273
github.com/dubbogo/gost/math/big/decimal.go:304.8,306.3 1 396659
github.com/dubbogo/gost/math/big/decimal.go:317.42,321.31 4 303
github.com/dubbogo/gost/math/big/decimal.go:326.2,327.23 2 303
github.com/dubbogo/gost/math/big/decimal.go:330.2,332.16 3 303
github.com/dubbogo/gost/math/big/decimal.go:335.2,335.20 1 303
github.com/dubbogo/gost/math/big/decimal.go:338.2,340.16 3 303
github.com/dubbogo/gost/math/big/decimal.go:344.2,345.20 2 303
github.com/dubbogo/gost/math/big/decimal.go:367.2,368.20 2 303
github.com/dubbogo/gost/math/big/decimal.go:371.2,371.25 1 303
github.com/dubbogo/gost/math/big/decimal.go:375.2,375.19 1 303
github.com/dubbogo/gost/math/big/decimal.go:391.2,391.8 1 303
github.com/dubbogo/gost/math/big/decimal.go:321.31,324.3 2 23
github.com/dubbogo/gost/math/big/decimal.go:327.23,329.3 1 69
github.com/dubbogo/gost/math/big/decimal.go:332.16,334.3 1 44
github.com/dubbogo/gost/math/big/decimal.go:335.20,337.3 1 182
github.com/dubbogo/gost/math/big/decimal.go:340.16,343.3 2 44
github.com/dubbogo/gost/math/big/decimal.go:345.20,351.53 6 182
github.com/dubbogo/gost/math/big/decimal.go:362.3,362.26 1 182
github.com/dubbogo/gost/math/big/decimal.go:351.53,354.58 3 268
github.com/dubbogo/gost/math/big/decimal.go:354.58,360.5 5 1554
github.com/dubbogo/gost/math/big/decimal.go:362.26,365.4 2 0
github.com/dubbogo/gost/math/big/decimal.go:368.20,370.3 1 69
github.com/dubbogo/gost/math/big/decimal.go:371.25,374.3 2 0
github.com/dubbogo/gost/math/big/decimal.go:375.19,378.51 3 234
github.com/dubbogo/gost/math/big/decimal.go:378.51,381.57 3 328
github.com/dubbogo/gost/math/big/decimal.go:381.57,386.5 4 1669
github.com/dubbogo/gost/math/big/decimal.go:388.8,390.3 1 69
github.com/dubbogo/gost/math/big/decimal.go:395.48,397.2 1 0
github.com/dubbogo/gost/math/big/decimal.go:400.47,401.32 1 679
github.com/dubbogo/gost/math/big/decimal.go:407.2,407.19 1 679
github.com/dubbogo/gost/math/big/decimal.go:411.2,411.16 1 679
github.com/dubbogo/gost/math/big/decimal.go:418.2,419.48 2 679
github.com/dubbogo/gost/math/big/decimal.go:422.2,425.45 4 679
github.com/dubbogo/gost/math/big/decimal.go:435.2,435.31 1 679
github.com/dubbogo/gost/math/big/decimal.go:439.2,442.16 4 678
github.com/dubbogo/gost/math/big/decimal.go:448.2,454.20 7 678
github.com/dubbogo/gost/math/big/decimal.go:466.2,466.19 1 678
github.com/dubbogo/gost/math/big/decimal.go:471.2,475.21 5 678
github.com/dubbogo/gost/math/big/decimal.go:487.2,487.19 1 678
github.com/dubbogo/gost/math/big/decimal.go:490.2,490.72 1 678
github.com/dubbogo/gost/math/big/decimal.go:520.2,521.34 2 678
github.com/dubbogo/gost/math/big/decimal.go:527.2,527.13 1 678
github.com/dubbogo/gost/math/big/decimal.go:530.2,531.12 2 678
github.com/dubbogo/gost/math/big/decimal.go:401.32,402.23 1 679
github.com/dubbogo/gost/math/big/decimal.go:402.23,404.9 2 679
github.com/dubbogo/gost/math/big/decimal.go:407.19,410.3 2 0
github.com/dubbogo/gost/math/big/decimal.go:412.11,414.14 2 124
github.com/dubbogo/gost/math/big/decimal.go:415.11,416.16 1 127
github.com/dubbogo/gost/math/big/decimal.go:419.48,421.3 1 3106
github.com/dubbogo/gost/math/big/decimal.go:425.45,427.49 2 457
github.com/dubbogo/gost/math/big/decimal.go:430.3,430.35 1 457
github.com/dubbogo/gost/math/big/decimal.go:427.49,429.4 1 3071
github.com/dubbogo/gost/math/big/decimal.go:431.8,434.3 2 222
github.com/dubbogo/gost/math/big/decimal.go:435.31,438.3 2 1
github.com/dubbogo/gost/math/big/decimal.go:442.16,444.25 2 2
github.com/dubbogo/gost/math/big/decimal.go:444.25,446.4 1 1
github.com/dubbogo/gost/math/big/decimal.go:454.20,459.32 5 3100
github.com/dubbogo/gost/math/big/decimal.go:459.32,464.4 4 184
github.com/dubbogo/gost/math/big/decimal.go:466.19,469.3 2 539
github.com/dubbogo/gost/math/big/decimal.go:475.21,480.32 5 3062
github.com/dubbogo/gost/math/big/decimal.go:480.32,485.4 4 218
github.com/dubbogo/gost/math/big/decimal.go:487.19,489.3 1 388
github.com/dubbogo/gost/math/big/decimal.go:490.72,492.18 2 25
github.com/dubbogo/gost/math/big/decimal.go:498.3,498.33 1 25
github.com/dubbogo/gost/math/big/decimal.go:504.3,504.55 1 25
github.com/dubbogo/gost/math/big/decimal.go:508.3,508.25 1 25
github.com/dubbogo/gost/math/big/decimal.go:492.18,494.27 2 5
github.com/dubbogo/gost/math/big/decimal.go:494.27,496.5 1 1
github.com/dubbogo/gost/math/big/decimal.go:498.33,503.4 4 0
github.com/dubbogo/gost/math/big/decimal.go:504.55,507.4 2 0
github.com/dubbogo/gost/math/big/decimal.go:508.25,510.23 2 25
github.com/dubbogo/gost/math/big/decimal.go:510.23,511.32 1 0
github.com/dubbogo/gost/math/big/decimal.go:516.5,516.19 1 0
github.com/dubbogo/gost/math/big/decimal.go:511.32,515.6 3 0
github.com/dubbogo/gost/math/big/decimal.go:521.34,522.24 1 1404
github.com/dubbogo/gost/math/big/decimal.go:522.24,524.9 2 599
github.com/dubbogo/gost/math/big/decimal.go:527.13,529.3 1 79
github.com/dubbogo/gost/math/big/decimal.go:542.42,544.16 2 109
github.com/dubbogo/gost/math/big/decimal.go:547.2,561.28 3 103
github.com/dubbogo/gost/math/big/decimal.go:566.2,567.19 2 100
github.com/dubbogo/gost/math/big/decimal.go:570.2,571.20 2 100
github.com/dubbogo/gost/math/big/decimal.go:574.2,577.25 4 100
github.com/dubbogo/gost/math/big/decimal.go:602.2,602.30 1 94
github.com/dubbogo/gost/math/big/decimal.go:639.2,640.47 2 65
github.com/dubbogo/gost/math/big/decimal.go:677.2,682.19 4 65
github.com/dubbogo/gost/math/big/decimal.go:685.2,685.34 1 65
github.com/dubbogo/gost/math/big/decimal.go:695.2,697.12 3 65
github.com/dubbogo/gost/math/big/decimal.go:544.16,546.3 1 6
github.com/dubbogo/gost/math/big/decimal.go:561.28,564.3 2 3
github.com/dubbogo/gost/math/big/decimal.go:567.19,569.3 1 27
github.com/dubbogo/gost/math/big/decimal.go:571.20,573.3 1 39
github.com/dubbogo/gost/math/big/decimal.go:577.25,579.23 2 25
github.com/dubbogo/gost/math/big/decimal.go:583.3,587.18 5 22
github.com/dubbogo/gost/math/big/decimal.go:590.3,592.29 3 22
github.com/dubbogo/gost/math/big/decimal.go:579.23,581.4 1 3
github.com/dubbogo/gost/math/big/decimal.go:587.18,589.4 1 0
github.com/dubbogo/gost/math/big/decimal.go:592.29,599.4 2 3
github.com/dubbogo/gost/math/big/decimal.go:602.30,609.16 3 82
github.com/dubbogo/gost/math/big/decimal.go:618.3,618.13 1 82
github.com/dubbogo/gost/math/big/decimal.go:625.3,629.67 2 82
github.com/dubbogo/gost/math/big/decimal.go:634.3,635.24 2 53
github.com/dubbogo/gost/math/big/decimal.go:609.16,613.4 3 45
github.com/dubbogo/gost/math/big/decimal.go:613.9,617.4 3 37
github.com/dubbogo/gost/math/big/decimal.go:618.13,621.4 2 32
github.com/dubbogo/gost/math/big/decimal.go:621.9,624.4 2 50
github.com/dubbogo/gost/math/big/decimal.go:629.67,633.4 3 29
github.com/dubbogo/gost/math/big/decimal.go:640.47,643.19 2 25
github.com/dubbogo/gost/math/big/decimal.go:667.3,670.25 4 25
github.com/dubbogo/gost/math/big/decimal.go:643.19,648.29 4 19
github.com/dubbogo/gost/math/big/decimal.go:651.4,651.48 1 19
github.com/dubbogo/gost/math/big/decimal.go:654.4,654.26 1 19
github.com/dubbogo/gost/math/big/decimal.go:648.29,650.5 1 38
github.com/dubbogo/gost/math/big/decimal.go:651.48,653.5 1 20
github.com/dubbogo/gost/math/big/decimal.go:655.9,660.29 4 6
github.com/dubbogo/gost/math/big/decimal.go:663.4,663.48 1 6
github.com/dubbogo/gost/math/big/decimal.go:660.29,662.5 1 6
github.com/dubbogo/gost/math/big/decimal.go:663.48,665.5 1 6
github.com/dubbogo/gost/math/big/decimal.go:682.19,684.3 1 41
github.com/dubbogo/gost/math/big/decimal.go:685.34,686.36 1 15
github.com/dubbogo/gost/math/big/decimal.go:686.36,689.4 2 15
github.com/dubbogo/gost/math/big/decimal.go:690.8,691.59 1 50
github.com/dubbogo/gost/math/big/decimal.go:691.59,693.4 1 9
github.com/dubbogo/gost/math/big/decimal.go:706.50,713.48 5 103
github.com/dubbogo/gost/math/big/decimal.go:716.2,716.22 1 103
github.com/dubbogo/gost/math/big/decimal.go:721.2,721.36 1 100
github.com/dubbogo/gost/math/big/decimal.go:728.2,728.21 1 100
github.com/dubbogo/gost/math/big/decimal.go:733.2,733.48 1 100
github.com/dubbogo/gost/math/big/decimal.go:737.2,737.44 1 100
github.com/dubbogo/gost/math/big/decimal.go:745.2,746.19 2 100
github.com/dubbogo/gost/math/big/decimal.go:713.48,715.3 1 35
github.com/dubbogo/gost/math/big/decimal.go:716.22,718.3 1 3
github.com/dubbogo/gost/math/big/decimal.go:721.36,724.3 2 69
github.com/dubbogo/gost/math/big/decimal.go:724.8,727.3 2 31
github.com/dubbogo/gost/math/big/decimal.go:728.21,730.3 1 100
github.com/dubbogo/gost/math/big/decimal.go:733.48,735.3 1 11
github.com/dubbogo/gost/math/big/decimal.go:737.44,741.3 3 69
github.com/dubbogo/gost/math/big/decimal.go:741.8,744.3 2 31
github.com/dubbogo/gost/math/big/decimal.go:759.56,763.31 4 32
github.com/dubbogo/gost/math/big/decimal.go:766.2,766.23 1 32
github.com/dubbogo/gost/math/big/decimal.go:770.2,770.80 1 32
github.com/dubbogo/gost/math/big/decimal.go:763.31,765.3 1 14
github.com/dubbogo/gost/math/big/decimal.go:766.23,769.3 2 8
github.com/dubbogo/gost/math/big/decimal.go:783.57,787.53 4 50
github.com/dubbogo/gost/math/big/decimal.go:790.2,790.23 1 50
github.com/dubbogo/gost/math/big/decimal.go:794.2,794.59 1 50
github.com/dubbogo/gost/math/big/decimal.go:787.53,789.3 1 21
github.com/dubbogo/gost/math/big/decimal.go:790.23,793.3 2 49
github.com/dubbogo/gost/math/big/decimal.go:811.81,814.14 2 454642
github.com/dubbogo/gost/math/big/decimal.go:817.2,823.39 4 454642
github.com/dubbogo/gost/math/big/decimal.go:828.2,828.31 1 454642
github.com/dubbogo/gost/math/big/decimal.go:832.2,832.13 1 454642
github.com/dubbogo/gost/math/big/decimal.go:837.2,837.29 1 454642
github.com/dubbogo/gost/math/big/decimal.go:848.2,848.31 1 454641
github.com/dubbogo/gost/math/big/decimal.go:855.2,856.39 2 394005
github.com/dubbogo/gost/math/big/decimal.go:910.2,910.29 1 383903
github.com/dubbogo/gost/math/big/decimal.go:922.2,923.35 2 383903
github.com/dubbogo/gost/math/big/decimal.go:973.2,974.61 2 363696
github.com/dubbogo/gost/math/big/decimal.go:977.2,977.14 1 363696
github.com/dubbogo/gost/math/big/decimal.go:980.2,982.8 3 363696
github.com/dubbogo/gost/math/big/decimal.go:814.14,816.3 1 121259
github.com/dubbogo/gost/math/big/decimal.go:823.39,827.3 3 0
github.com/dubbogo/gost/math/big/decimal.go:828.31,831.3 2 0
github.com/dubbogo/gost/math/big/decimal.go:832.13,836.3 3 454590
github.com/dubbogo/gost/math/big/decimal.go:837.29,839.31 2 1
github.com/dubbogo/gost/math/big/decimal.go:844.3,846.9 3 1
github.com/dubbogo/gost/math/big/decimal.go:839.31,843.4 3 4
github.com/dubbogo/gost/math/big/decimal.go:848.31,852.3 3 60636
github.com/dubbogo/gost/math/big/decimal.go:856.39,858.20 2 212145
github.com/dubbogo/gost/math/big/decimal.go:879.3,879.12 1 212145
github.com/dubbogo/gost/math/big/decimal.go:860.20,864.20 2 70714
github.com/dubbogo/gost/math/big/decimal.go:871.21,874.55 2 70717
github.com/dubbogo/gost/math/big/decimal.go:875.21,877.17 1 70714
github.com/dubbogo/gost/math/big/decimal.go:864.20,865.28 1 70714
github.com/dubbogo/gost/math/big/decimal.go:869.5,869.10 1 0
github.com/dubbogo/gost/math/big/decimal.go:865.28,867.11 2 70714
github.com/dubbogo/gost/math/big/decimal.go:879.12,880.18 1 121225
github.com/dubbogo/gost/math/big/decimal.go:880.18,882.5 1 101021
github.com/dubbogo/gost/math/big/decimal.go:882.10,885.5 2 20204
github.com/dubbogo/gost/math/big/decimal.go:886.9,886.39 1 90920
github.com/dubbogo/gost/math/big/decimal.go:886.39,889.4 2 10102
github.com/dubbogo/gost/math/big/decimal.go:890.8,895.76 4 181860
github.com/dubbogo/gost/math/big/decimal.go:898.3,898.70 1 181860
github.com/dubbogo/gost/math/big/decimal.go:895.76,897.4 1 121232
github.com/dubbogo/gost/math/big/decimal.go:910.29,912.33 2 292968
github.com/dubbogo/gost/math/big/decimal.go:915.3,915.24 1 292968
github.com/dubbogo/gost/math/big/decimal.go:912.33,914.4 1 20204
github.com/dubbogo/gost/math/big/decimal.go:915.24,918.4 2 2343680
github.com/dubbogo/gost/math/big/decimal.go:923.35,926.31 3 60615
github.com/dubbogo/gost/math/big/decimal.go:930.3,930.16 1 60615
github.com/dubbogo/gost/math/big/decimal.go:926.31,929.4 2 20207
github.com/dubbogo/gost/math/big/decimal.go:930.16,931.42 1 40408
github.com/dubbogo/gost/math/big/decimal.go:936.4,936.69 1 40408
github.com/dubbogo/gost/math/big/decimal.go:943.4,945.52 2 40408
github.com/dubbogo/gost/math/big/decimal.go:931.42,935.5 3 0
github.com/dubbogo/gost/math/big/decimal.go:936.69,937.27 1 20204
github.com/dubbogo/gost/math/big/decimal.go:937.27,939.6 1 20204
github.com/dubbogo/gost/math/big/decimal.go:939.11,941.6 1 0
github.com/dubbogo/gost/math/big/decimal.go:945.52,947.5 1 40408
github.com/dubbogo/gost/math/big/decimal.go:947.10,949.5 1 0
github.com/dubbogo/gost/math/big/decimal.go:951.8,952.7 1 323288
github.com/dubbogo/gost/math/big/decimal.go:952.7,953.30 1 323291
github.com/dubbogo/gost/math/big/decimal.go:956.4,956.18 1 20210
github.com/dubbogo/gost/math/big/decimal.go:969.4,969.11 1 3
github.com/dubbogo/gost/math/big/decimal.go:953.30,954.10 1 303081
github.com/dubbogo/gost/math/big/decimal.go:956.18,962.21 5 20207
github.com/dubbogo/gost/math/big/decimal.go:966.5,967.15 2 20207
github.com/dubbogo/gost/math/big/decimal.go:962.21,965.6 2 20208
github.com/dubbogo/gost/math/big/decimal.go:974.61,976.3 1 3
github.com/dubbogo/gost/math/big/decimal.go:977.14,979.3 1 101024
github.com/dubbogo/gost/math/big/decimal.go:986.47,988.13 2 6
github.com/dubbogo/gost/math/big/decimal.go:994.2,994.25 1 6
github.com/dubbogo/gost/math/big/decimal.go:988.13,991.3 2 4
github.com/dubbogo/gost/math/big/decimal.go:991.8,993.3 1 2
github.com/dubbogo/gost/math/big/decimal.go:998.49,1001.20 3 9
github.com/dubbogo/gost/math/big/decimal.go:1005.2,1008.18 4 9
github.com/dubbogo/gost/math/big/decimal.go:1014.2,1014.10 1 9
github.com/dubbogo/gost/math/big/decimal.go:1001.20,1004.3 2 6
github.com/dubbogo/gost/math/big/decimal.go:1008.18,1013.3 4 15
github.com/dubbogo/gost/math/big/decimal.go:1018.42,1021.50 3 8
github.com/dubbogo/gost/math/big/decimal.go:1043.2,1043.39 1 6
github.com/dubbogo/gost/math/big/decimal.go:1046.2,1046.17 1 5
github.com/dubbogo/gost/math/big/decimal.go:1049.2,1049.51 1 5
github.com/dubbogo/gost/math/big/decimal.go:1055.2,1055.15 1 4
github.com/dubbogo/gost/math/big/decimal.go:1021.50,1031.42 4 18
github.com/dubbogo/gost/math/big/decimal.go:1031.42,1036.18 1 2
github.com/dubbogo/gost/math/big/decimal.go:1039.4,1039.37 1 1
github.com/dubbogo/gost/math/big/decimal.go:1036.18,1038.5 1 1
github.com/dubbogo/gost/math/big/decimal.go:1043.39,1045.3 1 1
github.com/dubbogo/gost/math/big/decimal.go:1046.17,1048.3 1 1
github.com/dubbogo/gost/math/big/decimal.go:1049.51,1050.30 1 1
github.com/dubbogo/gost/math/big/decimal.go:1053.3,1053.12 1 0
github.com/dubbogo/gost/math/big/decimal.go:1050.30,1052.4 1 1
github.com/dubbogo/gost/math/big/decimal.go:1059.44,1060.16 1 7
github.com/dubbogo/gost/math/big/decimal.go:1063.2,1065.50 3 6
github.com/dubbogo/gost/math/big/decimal.go:1073.2,1073.51 1 4
github.com/dubbogo/gost/math/big/decimal.go:1079.2,1079.15 1 3
github.com/dubbogo/gost/math/big/decimal.go:1060.16,1062.3 1 1
github.com/dubbogo/gost/math/big/decimal.go:1065.50,1069.43 4 12
github.com/dubbogo/gost/math/big/decimal.go:1069.43,1071.4 1 2
github.com/dubbogo/gost/math/big/decimal.go:1073.51,1074.30 1 1
github.com/dubbogo/gost/math/big/decimal.go:1077.3,1077.12 1 0
github.com/dubbogo/gost/math/big/decimal.go:1074.30,1076.4 1 1
github.com/dubbogo/gost/math/big/decimal.go:1083.48,1086.2 2 5
github.com/dubbogo/gost/math/big/decimal.go:1089.48,1091.16 2 5
github.com/dubbogo/gost/math/big/decimal.go:1094.2,1094.15 1 5
github.com/dubbogo/gost/math/big/decimal.go:1091.16,1093.3 1 0
github.com/dubbogo/gost/math/big/decimal.go:1175.62,1176.105 1 1183247
github.com/dubbogo/gost/math/big/decimal.go:1179.2,1181.16 3 1183243
github.com/dubbogo/gost/math/big/decimal.go:1184.2,1200.37 16 1183243
github.com/dubbogo/gost/math/big/decimal.go:1205.2,1209.31 4 1183243
github.com/dubbogo/gost/math/big/decimal.go:1228.2,1228.29 1 1183243
github.com/dubbogo/gost/math/big/decimal.go:1242.2,1242.27 1 1183243
github.com/dubbogo/gost/math/big/decimal.go:1251.2,1251.97 1 1183243
github.com/dubbogo/gost/math/big/decimal.go:1258.2,1258.28 1 1183243
github.com/dubbogo/gost/math/big/decimal.go:1273.2,1273.29 1 1183243
github.com/dubbogo/gost/math/big/decimal.go:1281.2,1282.17 2 1183243
github.com/dubbogo/gost/math/big/decimal.go:1176.105,1178.3 1 4
github.com/dubbogo/gost/math/big/decimal.go:1181.16,1183.3 1 98610
github.com/dubbogo/gost/math/big/decimal.go:1200.37,1203.3 2 197194
github.com/dubbogo/gost/math/big/decimal.go:1209.31,1211.28 2 2
github.com/dubbogo/gost/math/big/decimal.go:1214.3,1214.24 1 2
github.com/dubbogo/gost/math/big/decimal.go:1217.3,1219.20 3 2
github.com/dubbogo/gost/math/big/decimal.go:1211.28,1213.4 1 1
github.com/dubbogo/gost/math/big/decimal.go:1214.24,1216.4 1 2
github.com/dubbogo/gost/math/big/decimal.go:1220.8,1220.32 1 1183241
github.com/dubbogo/gost/math/big/decimal.go:1220.32,1221.27 1 241282
github.com/dubbogo/gost/math/big/decimal.go:1221.27,1225.4 3 241302
github.com/dubbogo/gost/math/big/decimal.go:1228.29,1232.3 3 264448
github.com/dubbogo/gost/math/big/decimal.go:1232.8,1232.62 1 918795
github.com/dubbogo/gost/math/big/decimal.go:1232.62,1233.33 1 6
github.com/dubbogo/gost/math/big/decimal.go:1233.33,1236.4 2 3
github.com/dubbogo/gost/math/big/decimal.go:1236.9,1239.4 2 3
github.com/dubbogo/gost/math/big/decimal.go:1242.27,1248.3 5 788815
github.com/dubbogo/gost/math/big/decimal.go:1251.97,1255.3 3 524381
github.com/dubbogo/gost/math/big/decimal.go:1258.28,1262.32 4 350368
github.com/dubbogo/gost/math/big/decimal.go:1266.3,1266.70 1 350368
github.com/dubbogo/gost/math/big/decimal.go:1269.3,1271.14 3 350368
github.com/dubbogo/gost/math/big/decimal.go:1262.32,1264.4 1 0
github.com/dubbogo/gost/math/big/decimal.go:1266.70,1268.4 1 1
github.com/dubbogo/gost/math/big/decimal.go:1273.29,1275.53 2 4
github.com/dubbogo/gost/math/big/decimal.go:1275.53,1279.4 3 5
github.com/dubbogo/gost/math/big/decimal.go:1287.47,1291.15 4 528896
github.com/dubbogo/gost/math/big/decimal.go:1294.2,1295.25 2 528896
github.com/dubbogo/gost/math/big/decimal.go:1302.2,1302.17 1 528896
github.com/dubbogo/gost/math/big/decimal.go:1291.15,1293.3 1 132215
github.com/dubbogo/gost/math/big/decimal.go:1295.25,1301.3 1 264446
github.com/dubbogo/gost/math/big/decimal.go:1306.60,1310.20 4 654332
github.com/dubbogo/gost/math/big/decimal.go:1313.2,1313.8 1 654332
github.com/dubbogo/gost/math/big/decimal.go:1310.20,1312.3 1 109056
github.com/dubbogo/gost/math/big/decimal.go:1317.33,1319.32 2 3
github.com/dubbogo/gost/math/big/decimal.go:1325.2,1325.15 1 3
github.com/dubbogo/gost/math/big/decimal.go:1319.32,1320.15 1 17
github.com/dubbogo/gost/math/big/decimal.go:1320.15,1322.9 2 2
github.com/dubbogo/gost/math/big/decimal.go:1329.85,1330.19 1 15
github.com/dubbogo/gost/math/big/decimal.go:1334.2,1340.23 7 15
github.com/dubbogo/gost/math/big/decimal.go:1343.2,1344.24 2 15
github.com/dubbogo/gost/math/big/decimal.go:1348.2,1350.26 3 15
github.com/dubbogo/gost/math/big/decimal.go:1353.2,1361.16 9 15
github.com/dubbogo/gost/math/big/decimal.go:1369.2,1374.23 5 15
github.com/dubbogo/gost/math/big/decimal.go:1389.2,1389.76 1 15
github.com/dubbogo/gost/math/big/decimal.go:1402.2,1402.77 1 15
github.com/dubbogo/gost/math/big/decimal.go:1411.2,1411.24 1 15
github.com/dubbogo/gost/math/big/decimal.go:1421.2,1421.43 1 15
github.com/dubbogo/gost/math/big/decimal.go:1424.2,1425.21 2 15
github.com/dubbogo/gost/math/big/decimal.go:1330.19,1333.3 2 0
github.com/dubbogo/gost/math/big/decimal.go:1340.23,1342.3 1 15
github.com/dubbogo/gost/math/big/decimal.go:1344.24,1346.3 1 13
github.com/dubbogo/gost/math/big/decimal.go:1350.26,1352.3 1 12
github.com/dubbogo/gost/math/big/decimal.go:1361.16,1362.33 1 0
github.com/dubbogo/gost/math/big/decimal.go:1362.33,1364.4 1 0
github.com/dubbogo/gost/math/big/decimal.go:1364.9,1367.4 2 0
github.com/dubbogo/gost/math/big/decimal.go:1374.23,1379.70 5 15
github.com/dubbogo/gost/math/big/decimal.go:1383.3,1383.45 1 15
github.com/dubbogo/gost/math/big/decimal.go:1379.70,1382.4 2 0
github.com/dubbogo/gost/math/big/decimal.go:1383.45,1385.4 1 6
github.com/dubbogo/gost/math/big/decimal.go:1385.9,1387.4 1 9
github.com/dubbogo/gost/math/big/decimal.go:1389.76,1391.43 2 5
github.com/dubbogo/gost/math/big/decimal.go:1395.3,1395.45 1 5
github.com/dubbogo/gost/math/big/decimal.go:1391.43,1394.4 2 0
github.com/dubbogo/gost/math/big/decimal.go:1395.45,1397.4 1 3
github.com/dubbogo/gost/math/big/decimal.go:1397.9,1399.4 1 2
github.com/dubbogo/gost/math/big/decimal.go:1402.77,1404.43 2 10
github.com/dubbogo/gost/math/big/decimal.go:1408.3,1408.12 1 10
github.com/dubbogo/gost/math/big/decimal.go:1404.43,1407.4 2 0
github.com/dubbogo/gost/math/big/decimal.go:1411.24,1415.43 4 13
github.com/dubbogo/gost/math/big/decimal.go:1415.43,1418.4 2 0
github.com/dubbogo/gost/math/big/decimal.go:1421.43,1423.3 1 1
github.com/dubbogo/gost/math/big/decimal.go:1429.46,1436.2 6 15
github.com/dubbogo/gost/math/big/decimal.go:1438.41,1440.14 2 43
github.com/dubbogo/gost/math/big/decimal.go:1454.2,1454.10 1 43
github.com/dubbogo/gost/math/big/decimal.go:1441.9,1442.24 1 13
github.com/dubbogo/gost/math/big/decimal.go:1443.9,1444.41 1 5
github.com/dubbogo/gost/math/big/decimal.go:1445.9,1446.19 1 4
github.com/dubbogo/gost/math/big/decimal.go:1451.9,1452.77 1 21
github.com/dubbogo/gost/math/big/decimal.go:1446.19,1448.4 1 0
github.com/dubbogo/gost/math/big/decimal.go:1448.9,1450.4 1 4
github.com/dubbogo/gost/math/big/decimal.go:1457.48,1459.14 2 1663564
github.com/dubbogo/gost/math/big/decimal.go:1460.9,1461.20 1 394477
github.com/dubbogo/gost/math/big/decimal.go:1462.9,1464.17 2 492957
github.com/dubbogo/gost/math/big/decimal.go:1465.9,1468.17 3 251733
github.com/dubbogo/gost/math/big/decimal.go:1469.9,1473.17 4 524397
github.com/dubbogo/gost/math/big/decimal.go:1478.44,1479.31 1 11
github.com/dubbogo/gost/math/big/decimal.go:1484.2,1484.16 1 3
github.com/dubbogo/gost/math/big/decimal.go:1487.2,1487.10 1 1
github.com/dubbogo/gost/math/big/decimal.go:1479.31,1483.3 2 8
github.com/dubbogo/gost/math/big/decimal.go:1484.16,1486.3 1 2
github.com/dubbogo/gost/math/big/decimal.go:1491.41,1493.19 2 3
github.com/dubbogo/gost/math/big/decimal.go:1496.2,1497.12 2 2
github.com/dubbogo/gost/math/big/decimal.go:1493.19,1495.3 1 1
github.com/dubbogo/gost/math/big/decimal.go:1503.50,1505.38 2 15
github.com/dubbogo/gost/math/big/decimal.go:1508.2,1509.12 2 5
github.com/dubbogo/gost/math/big/decimal.go:1505.38,1507.3 1 10
github.com/dubbogo/gost/math/big/decimal.go:1513.50,1515.38 2 14
github.com/dubbogo/gost/math/big/decimal.go:1519.2,1519.32 1 2
github.com/dubbogo/gost/math/big/decimal.go:1515.38,1518.3 2 12
github.com/dubbogo/gost/math/big/decimal.go:1522.60,1537.30 2 25
github.com/dubbogo/gost/math/big/decimal.go:1544.2,1544.30 1 25
github.com/dubbogo/gost/math/big/decimal.go:1552.2,1553.27 2 25
github.com/dubbogo/gost/math/big/decimal.go:1589.2,1589.15 1 23
github.com/dubbogo/gost/math/big/decimal.go:1596.2,1599.15 2 16
github.com/dubbogo/gost/math/big/decimal.go:1607.2,1610.38 4 16
github.com/dubbogo/gost/math/big/decimal.go:1613.2,1614.16 2 16
github.com/dubbogo/gost/math/big/decimal.go:1628.2,1631.29 2 16
github.com/dubbogo/gost/math/big/decimal.go:1662.2,1662.20 1 16
github.com/dubbogo/gost/math/big/decimal.go:1670.2,1670.33 1 16
github.com/dubbogo/gost/math/big/decimal.go:1675.2,1675.20 1 16
github.com/dubbogo/gost/math/big/decimal.go:1680.2,1680.16 1 16
github.com/dubbogo/gost/math/big/decimal.go:1684.2,1684.15 1 16
github.com/dubbogo/gost/math/big/decimal.go:1537.30,1538.48 1 1
github.com/dubbogo/gost/math/big/decimal.go:1541.3,1542.27 2 1
github.com/dubbogo/gost/math/big/decimal.go:1538.48,1540.4 1 1
github.com/dubbogo/gost/math/big/decimal.go:1544.30,1545.48 1 0
github.com/dubbogo/gost/math/big/decimal.go:1548.3,1549.27 2 0
github.com/dubbogo/gost/math/big/decimal.go:1545.48,1547.4 1 0
github.com/dubbogo/gost/math/big/decimal.go:1553.27,1555.3 1 2
github.com/dubbogo/gost/math/big/decimal.go:1555.8,1555.35 1 23
github.com/dubbogo/gost/math/big/decimal.go:1555.35,1558.48 3 19
github.com/dubbogo/gost/math/big/decimal.go:1561.3,1561.48 1 19
github.com/dubbogo/gost/math/big/decimal.go:1564.3,1566.82 3 19
github.com/dubbogo/gost/math/big/decimal.go:1570.3,1570.19 1 19
github.com/dubbogo/gost/math/big/decimal.go:1558.48,1560.4 1 0
github.com/dubbogo/gost/math/big/decimal.go:1561.48,1563.4 1 1
github.com/dubbogo/gost/math/big/decimal.go:1566.82,1569.4 2 6
github.com/dubbogo/gost/math/big/decimal.go:1570.19,1571.65 1 17
github.com/dubbogo/gost/math/big/decimal.go:1571.65,1573.5 1 9
github.com/dubbogo/gost/math/big/decimal.go:1573.10,1575.5 1 8
github.com/dubbogo/gost/math/big/decimal.go:1576.9,1577.20 1 2
github.com/dubbogo/gost/math/big/decimal.go:1577.20,1579.5 1 0
github.com/dubbogo/gost/math/big/decimal.go:1579.10,1580.18 1 2
github.com/dubbogo/gost/math/big/decimal.go:1583.5,1584.18 2 1
github.com/dubbogo/gost/math/big/decimal.go:1580.18,1582.6 1 1
github.com/dubbogo/gost/math/big/decimal.go:1589.15,1590.34 1 7
github.com/dubbogo/gost/math/big/decimal.go:1593.3,1593.17 1 3
github.com/dubbogo/gost/math/big/decimal.go:1590.34,1592.4 1 4
github.com/dubbogo/gost/math/big/decimal.go:1599.15,1605.3 5 6
github.com/dubbogo/gost/math/big/decimal.go:1610.38,1612.3 1 13
github.com/dubbogo/gost/math/big/decimal.go:1614.16,1615.54 1 0
github.com/dubbogo/gost/math/big/decimal.go:1618.3,1618.31 1 0
github.com/dubbogo/gost/math/big/decimal.go:1621.3,1621.31 1 0
github.com/dubbogo/gost/math/big/decimal.go:1624.3,1624.28 1 0
github.com/dubbogo/gost/math/big/decimal.go:1615.54,1617.4 1 0
github.com/dubbogo/gost/math/big/decimal.go:1618.31,1620.4 1 0
github.com/dubbogo/gost/math/big/decimal.go:1621.31,1623.4 1 0
github.com/dubbogo/gost/math/big/decimal.go:1624.28,1626.4 1 0
github.com/dubbogo/gost/math/big/decimal.go:1631.29,1635.32 4 0
github.com/dubbogo/gost/math/big/decimal.go:1640.3,1640.20 1 0
github.com/dubbogo/gost/math/big/decimal.go:1635.32,1639.4 3 0
github.com/dubbogo/gost/math/big/decimal.go:1640.20,1644.4 3 0
github.com/dubbogo/gost/math/big/decimal.go:1645.8,1649.32 4 16
github.com/dubbogo/gost/math/big/decimal.go:1654.3,1654.20 1 16
github.com/dubbogo/gost/math/big/decimal.go:1649.32,1653.4 3 1
github.com/dubbogo/gost/math/big/decimal.go:1654.20,1658.4 3 12
github.com/dubbogo/gost/math/big/decimal.go:1662.20,1667.3 4 15
github.com/dubbogo/gost/math/big/decimal.go:1670.33,1674.3 3 4
github.com/dubbogo/gost/math/big/decimal.go:1675.20,1679.3 3 5
github.com/dubbogo/gost/math/big/decimal.go:1680.16,1683.3 2 0
github.com/dubbogo/gost/math/big/decimal.go:1687.45,1699.27 3 12
github.com/dubbogo/gost/math/big/decimal.go:1706.2,1706.19 1 12
github.com/dubbogo/gost/math/big/decimal.go:1711.2,1712.24 2 12
github.com/dubbogo/gost/math/big/decimal.go:1716.2,1721.16 5 12
github.com/dubbogo/gost/math/big/decimal.go:1738.2,1741.29 3 12
github.com/dubbogo/gost/math/big/decimal.go:1757.2,1757.18 1 12
github.com/dubbogo/gost/math/big/decimal.go:1764.2,1765.19 2 12
github.com/dubbogo/gost/math/big/decimal.go:1773.2,1774.27 2 12
github.com/dubbogo/gost/math/big/decimal.go:1783.2,1783.18 1 12
github.com/dubbogo/gost/math/big/decimal.go:1788.2,1788.15 1 12
github.com/dubbogo/gost/math/big/decimal.go:1792.2,1792.12 1 12
github.com/dubbogo/gost/math/big/decimal.go:1699.27,1701.3 1 2
github.com/dubbogo/gost/math/big/decimal.go:1701.8,1701.34 1 10
github.com/dubbogo/gost/math/big/decimal.go:1701.34,1703.3 1 2
github.com/dubbogo/gost/math/big/decimal.go:1703.8,1705.3 1 8
github.com/dubbogo/gost/math/big/decimal.go:1706.19,1709.3 2 1
github.com/dubbogo/gost/math/big/decimal.go:1712.24,1715.3 2 0
github.com/dubbogo/gost/math/big/decimal.go:1721.16,1722.54 1 0
github.com/dubbogo/gost/math/big/decimal.go:1725.3,1725.31 1 0
github.com/dubbogo/gost/math/big/decimal.go:1728.3,1728.31 1 0
github.com/dubbogo/gost/math/big/decimal.go:1731.3,1731.29 1 0
github.com/dubbogo/gost/math/big/decimal.go:1734.3,1734.29 1 0
github.com/dubbogo/gost/math/big/decimal.go:1722.54,1724.4 1 0
github.com/dubbogo/gost/math/big/decimal.go:1725.31,1727.4 1 0
github.com/dubbogo/gost/math/big/decimal.go:1728.31,1730.4 1 0
github.com/dubbogo/gost/math/big/decimal.go:1731.29,1733.4 1 0
github.com/dubbogo/gost/math/big/decimal.go:1734.29,1736.4 1 0
github.com/dubbogo/gost/math/big/decimal.go:1741.29,1745.28 4 1
github.com/dubbogo/gost/math/big/decimal.go:1745.28,1747.4 1 0
github.com/dubbogo/gost/math/big/decimal.go:1748.8,1752.28 4 11
github.com/dubbogo/gost/math/big/decimal.go:1755.3,1755.28 1 11
github.com/dubbogo/gost/math/big/decimal.go:1752.28,1754.4 1 1
github.com/dubbogo/gost/math/big/decimal.go:1757.18,1761.3 3 6
github.com/dubbogo/gost/math/big/decimal.go:1765.19,1770.3 4 19
github.com/dubbogo/gost/math/big/decimal.go:1774.27,1778.3 2 2
github.com/dubbogo/gost/math/big/decimal.go:1778.8,1782.3 2 10
github.com/dubbogo/gost/math/big/decimal.go:1783.18,1787.3 3 6
github.com/dubbogo/gost/math/big/decimal.go:1788.15,1791.3 2 1
github.com/dubbogo/gost/math/big/decimal.go:1795.51,1800.19 5 15
github.com/dubbogo/gost/math/big/decimal.go:1811.2,1812.14 2 15
github.com/dubbogo/gost/math/big/decimal.go:1800.19,1802.26 2 13
github.com/dubbogo/gost/math/big/decimal.go:1806.3,1806.62 1 13
github.com/dubbogo/gost/math/big/decimal.go:1802.26,1805.4 2 12
github.com/dubbogo/gost/math/big/decimal.go:1806.62,1809.4 2 6
github.com/dubbogo/gost/math/big/decimal.go:1812.14,1814.47 2 13
github.com/dubbogo/gost/math/big/decimal.go:1818.3,1818.21 1 13
github.com/dubbogo/gost/math/big/decimal.go:1814.47,1817.4 2 6
github.com/dubbogo/gost/math/big/decimal.go:1818.21,1820.4 1 12
github.com/dubbogo/gost/math/big/decimal.go:1843.50,1863.33 6 11
github.com/dubbogo/gost/math/big/decimal.go:1866.2,1867.24 2 11
github.com/dubbogo/gost/math/big/decimal.go:1870.2,1870.16 1 10
github.com/dubbogo/gost/math/big/decimal.go:1895.2,1901.52 6 10
github.com/dubbogo/gost/math/big/decimal.go:1931.2,1931.17 1 10
github.com/dubbogo/gost/math/big/decimal.go:1947.2,1949.61 3 10
github.com/dubbogo/gost/math/big/decimal.go:1954.2,1954.15 1 10
github.com/dubbogo/gost/math/big/decimal.go:1963.2,1963.12 1 10
github.com/dubbogo/gost/math/big/decimal.go:1863.33,1865.3 1 1
github.com/dubbogo/gost/math/big/decimal.go:1867.24,1869.3 1 1
github.com/dubbogo/gost/math/big/decimal.go:1870.16,1871.54 1 1
github.com/dubbogo/gost/math/big/decimal.go:1874.3,1874.52 1 1
github.com/dubbogo/gost/math/big/decimal.go:1877.3,1877.24 1 1
github.com/dubbogo/gost/math/big/decimal.go:1871.54,1873.4 1 1
github.com/dubbogo/gost/math/big/decimal.go:1874.52,1876.4 1 0
github.com/dubbogo/gost/math/big/decimal.go:1877.24,1883.4 5 0
github.com/dubbogo/gost/math/big/decimal.go:1883.9,1886.32 3 1
github.com/dubbogo/gost/math/big/decimal.go:1886.32,1889.5 2 0
github.com/dubbogo/gost/math/big/decimal.go:1889.10,1892.5 2 1
github.com/dubbogo/gost/math/big/decimal.go:1901.52,1905.21 4 20
github.com/dubbogo/gost/math/big/decimal.go:1915.3,1915.16 1 20
github.com/dubbogo/gost/math/big/decimal.go:1921.3,1921.35 1 20
github.com/dubbogo/gost/math/big/decimal.go:1927.3,1927.12 1 20
github.com/dubbogo/gost/math/big/decimal.go:1905.21,1914.4 8 58
github.com/dubbogo/gost/math/big/decimal.go:1915.16,1916.17 1 3
github.com/dubbogo/gost/math/big/decimal.go:1919.4,1919.64 1 3
github.com/dubbogo/gost/math/big/decimal.go:1916.17,1918.5 1 0
github.com/dubbogo/gost/math/big/decimal.go:1921.35,1922.17 1 0
github.com/dubbogo/gost/math/big/decimal.go:1925.4,1925.63 1 0
github.com/dubbogo/gost/math/big/decimal.go:1922.17,1924.5 1 0
github.com/dubbogo/gost/math/big/decimal.go:1931.17,1934.7 3 2
github.com/dubbogo/gost/math/big/decimal.go:1934.7,1935.28 1 2
github.com/dubbogo/gost/math/big/decimal.go:1938.4,1940.18 2 0
github.com/dubbogo/gost/math/big/decimal.go:1935.28,1936.10 1 2
github.com/dubbogo/gost/math/big/decimal.go:1940.18,1942.10 2 0
github.com/dubbogo/gost/math/big/decimal.go:1949.61,1953.3 3 8
github.com/dubbogo/gost/math/big/decimal.go:1954.15,1956.19 2 1
github.com/dubbogo/gost/math/big/decimal.go:1956.19,1961.4 4 1
github.com/dubbogo/gost/math/big/decimal.go:1972.64,1976.2 2 5
github.com/dubbogo/gost/math/big/decimal.go:2002.50,2005.2 2 4
github.com/dubbogo/gost/math/big/decimal.go:2007.67,2014.16 2 31
github.com/dubbogo/gost/math/big/decimal.go:2019.2,2021.44 3 31
github.com/dubbogo/gost/math/big/decimal.go:2026.2,2026.16 1 31
github.com/dubbogo/gost/math/big/decimal.go:2031.2,2034.44 4 29
github.com/dubbogo/gost/math/big/decimal.go:2039.2,2039.16 1 29
github.com/dubbogo/gost/math/big/decimal.go:2044.2,2048.18 3 28
github.com/dubbogo/gost/math/big/decimal.go:2052.2,2053.48 2 28
github.com/dubbogo/gost/math/big/decimal.go:2056.2,2057.21 2 28
github.com/dubbogo/gost/math/big/decimal.go:2063.2,2065.16 3 28
github.com/dubbogo/gost/math/big/decimal.go:2079.2,2081.16 3 28
github.com/dubbogo/gost/math/big/decimal.go:2088.2,2090.14 3 28
github.com/dubbogo/gost/math/big/decimal.go:2094.2,2103.51 7 28
github.com/dubbogo/gost/math/big/decimal.go:2106.2,2119.14 5 28
github.com/dubbogo/gost/math/big/decimal.go:2122.2,2123.42 2 28
github.com/dubbogo/gost/math/big/decimal.go:2129.2,2130.32 2 28
github.com/dubbogo/gost/math/big/decimal.go:2190.2,2190.16 1 28
github.com/dubbogo/gost/math/big/decimal.go:2250.2,2252.16 3 27
github.com/dubbogo/gost/math/big/decimal.go:2255.2,2255.12 1 27
github.com/dubbogo/gost/math/big/decimal.go:2014.16,2016.3 1 11
github.com/dubbogo/gost/math/big/decimal.go:2021.44,2025.3 3 7
github.com/dubbogo/gost/math/big/decimal.go:2026.16,2029.3 1 2
github.com/dubbogo/gost/math/big/decimal.go:2034.44,2038.3 3 4
github.com/dubbogo/gost/math/big/decimal.go:2039.16,2043.3 2 1
github.com/dubbogo/gost/math/big/decimal.go:2048.18,2050.3 1 15
github.com/dubbogo/gost/math/big/decimal.go:2053.48,2055.3 1 15
github.com/dubbogo/gost/math/big/decimal.go:2057.21,2060.3 2 3
github.com/dubbogo/gost/math/big/decimal.go:2060.8,2062.3 1 25
github.com/dubbogo/gost/math/big/decimal.go:2065.16,2072.3 2 11
github.com/dubbogo/gost/math/big/decimal.go:2072.8,2078.3 5 17
github.com/dubbogo/gost/math/big/decimal.go:2081.16,2082.45 1 17
github.com/dubbogo/gost/math/big/decimal.go:2082.45,2086.4 3 1
github.com/dubbogo/gost/math/big/decimal.go:2090.14,2092.3 1 0
github.com/dubbogo/gost/math/big/decimal.go:2103.51,2105.3 1 5
github.com/dubbogo/gost/math/big/decimal.go:2119.14,2121.3 1 6
github.com/dubbogo/gost/math/big/decimal.go:2123.42,2126.3 2 13
github.com/dubbogo/gost/math/big/decimal.go:2130.32,2132.58 1 49
github.com/dubbogo/gost/math/big/decimal.go:2184.3,2184.17 1 49
github.com/dubbogo/gost/math/big/decimal.go:2187.3,2188.11 2 49
github.com/dubbogo/gost/math/big/decimal.go:2132.58,2134.4 1 9
github.com/dubbogo/gost/math/big/decimal.go:2134.9,2139.25 4 40
github.com/dubbogo/gost/math/big/decimal.go:2143.4,2143.16 1 40
github.com/dubbogo/gost/math/big/decimal.go:2154.4,2157.41 4 40
github.com/dubbogo/gost/math/big/decimal.go:2166.4,2166.22 1 40
github.com/dubbogo/gost/math/big/decimal.go:2173.4,2173.17 1 40
github.com/dubbogo/gost/math/big/decimal.go:2139.25,2141.5 1 0
github.com/dubbogo/gost/math/big/decimal.go:2143.16,2145.97 1 11
github.com/dubbogo/gost/math/big/decimal.go:2148.5,2148.97 1 11
github.com/dubbogo/gost/math/big/decimal.go:2145.97,2147.6 1 1
github.com/dubbogo/gost/math/big/decimal.go:2148.97,2150.6 1 0
github.com/dubbogo/gost/math/big/decimal.go:2157.41,2165.5 7 51
github.com/dubbogo/gost/math/big/decimal.go:2166.22,2168.5 1 0
github.com/dubbogo/gost/math/big/decimal.go:2168.10,2170.5 1 40
github.com/dubbogo/gost/math/big/decimal.go:2173.17,2178.42 4 0
github.com/dubbogo/gost/math/big/decimal.go:2178.42,2181.6 2 0
github.com/dubbogo/gost/math/big/decimal.go:2184.17,2186.4 1 38
github.com/dubbogo/gost/math/big/decimal.go:2190.16,2196.18 1 11
github.com/dubbogo/gost/math/big/decimal.go:2200.3,2203.22 3 11
github.com/dubbogo/gost/math/big/decimal.go:2210.3,2212.42 3 11
github.com/dubbogo/gost/math/big/decimal.go:2216.3,2216.22 1 10
github.com/dubbogo/gost/math/big/decimal.go:2238.3,2238.42 1 10
github.com/dubbogo/gost/math/big/decimal.go:2244.3,2244.22 1 10
github.com/dubbogo/gost/math/big/decimal.go:2196.18,2199.4 2 9
github.com/dubbogo/gost/math/big/decimal.go:2203.22,2206.4 1 4
github.com/dubbogo/gost/math/big/decimal.go:2206.9,2208.4 1 7
github.com/dubbogo/gost/math/big/decimal.go:2212.42,2215.4 2 1
github.com/dubbogo/gost/math/big/decimal.go:2216.22,2217.33 1 3
github.com/dubbogo/gost/math/big/decimal.go:2221.4,2224.23 4 3
github.com/dubbogo/gost/math/big/decimal.go:2217.33,2220.5 2 0
github.com/dubbogo/gost/math/big/decimal.go:2224.23,2228.5 3 1
github.com/dubbogo/gost/math/big/decimal.go:2229.9,2230.31 1 7
github.com/dubbogo/gost/math/big/decimal.go:2235.4,2236.78 2 7
github.com/dubbogo/gost/math/big/decimal.go:2230.31,2234.5 3 0
github.com/dubbogo/gost/math/big/decimal.go:2238.42,2243.4 4 0
github.com/dubbogo/gost/math/big/decimal.go:2244.22,2248.4 3 16
github.com/dubbogo/gost/math/big/decimal.go:2252.16,2254.3 1 0
github.com/dubbogo/gost/math/big/decimal.go:2259.41,2260.16 1 0
github.com/dubbogo/gost/math/big/decimal.go:2263.2,2265.49 3 0
github.com/dubbogo/gost/math/big/decimal.go:2260.16,2262.3 1 0
github.com/dubbogo/gost/math/big/decimal.go:2269.38,2271.2 1 5
github.com/dubbogo/gost/math/big/decimal.go:2274.40,2276.2 1 0
github.com/dubbogo/gost/math/big/decimal.go:2279.49,2284.2 3 5
github.com/dubbogo/gost/math/big/decimal.go:2287.49,2292.2 3 33
github.com/dubbogo/gost/math/big/decimal.go:2295.61,2297.32 2 5
github.com/dubbogo/gost/math/big/decimal.go:2300.2,2300.14 1 5
github.com/dubbogo/gost/math/big/decimal.go:2305.2,2309.12 4 5
github.com/dubbogo/gost/math/big/decimal.go:2297.32,2299.3 1 18
github.com/dubbogo/gost/math/big/decimal.go:2300.14,2302.3 1 2
github.com/dubbogo/gost/math/big/decimal.go:2302.8,2304.3 1 3
github.com/dubbogo/gost/math/big/helper.go:30.36,31.23 1 0
github.com/dubbogo/gost/math/big/helper.go:35.2,35.46 1 0
github.com/dubbogo/gost/math/big/helper.go:31.23,33.3 1 0
github.com/dubbogo/gost/math/big/helper.go:42.40,45.24 3 0
github.com/dubbogo/gost/math/big/helper.go:48.2,48.32 1 0
github.com/dubbogo/gost/math/big/helper.go:45.24,47.3 1 0
github.com/dubbogo/gost/math/big/helper.go:55.43,58.24 3 0
github.com/dubbogo/gost/math/big/helper.go:61.2,61.32 1 0
github.com/dubbogo/gost/math/big/helper.go:58.24,60.3 1 0
github.com/dubbogo/gost/math/big/helper.go:65.49,70.2 4 0
github.com/dubbogo/gost/math/big/helper.go:74.71,75.19 1 0
github.com/dubbogo/gost/math/big/helper.go:81.2,83.23 2 0
github.com/dubbogo/gost/math/big/helper.go:87.2,88.14 2 0
github.com/dubbogo/gost/math/big/helper.go:96.2,96.15 1 0
github.com/dubbogo/gost/math/big/helper.go:75.19,79.3 1 0
github.com/dubbogo/gost/math/big/helper.go:83.23,85.3 1 0
github.com/dubbogo/gost/math/big/helper.go:88.14,91.3 1 0
github.com/dubbogo/gost/math/big/helper.go:91.8,91.22 1 0
github.com/dubbogo/gost/math/big/helper.go:91.22,94.3 1 0
github.com/dubbogo/gost/math/big/helper.go:99.27,101.2 1 679
github.com/dubbogo/gost/math/big/helper.go:103.27,105.2 1 6659
github.com/dubbogo/gost/math/big/helper.go:107.26,108.11 1 60664
github.com/dubbogo/gost/math/big/helper.go:111.2,111.10 1 60655
github.com/dubbogo/gost/math/big/helper.go:108.11,110.3 1 9
github.com/dubbogo/gost/math/big/helper.go:114.32,115.11 1 56
github.com/dubbogo/gost/math/big/helper.go:118.2,118.10 1 43
github.com/dubbogo/gost/math/big/helper.go:115.11,117.3 1 13
github.com/dubbogo/gost/math/big/helper.go:121.26,122.11 1 455193
github.com/dubbogo/gost/math/big/helper.go:125.2,125.10 1 246
github.com/dubbogo/gost/math/big/helper.go:122.11,124.3 1 454947
github.com/dubbogo/gost/math/big/helper.go:128.32,129.11 1 16
github.com/dubbogo/gost/math/big/helper.go:132.2,132.10 1 1
github.com/dubbogo/gost/math/big/helper.go:129.11,131.3 1 15
github.com/dubbogo/gost/math/big/helper.go:142.42,144.19 2 25
github.com/dubbogo/gost/math/big/helper.go:147.2,149.19 3 24
github.com/dubbogo/gost/math/big/helper.go:156.2,161.26 3 24
github.com/dubbogo/gost/math/big/helper.go:182.2,182.13 1 24
github.com/dubbogo/gost/math/big/helper.go:186.2,186.33 1 24
github.com/dubbogo/gost/math/big/helper.go:190.2,190.31 1 24
github.com/dubbogo/gost/math/big/helper.go:194.2,194.14 1 24
github.com/dubbogo/gost/math/big/helper.go:197.2,197.22 1 24
github.com/dubbogo/gost/math/big/helper.go:144.19,146.3 1 1
github.com/dubbogo/gost/math/big/helper.go:149.19,152.3 2 7
github.com/dubbogo/gost/math/big/helper.go:152.8,152.26 1 17
github.com/dubbogo/gost/math/big/helper.go:152.26,154.3 1 1
github.com/dubbogo/gost/math/big/helper.go:161.26,162.37 1 48
github.com/dubbogo/gost/math/big/helper.go:166.3,167.22 2 45
github.com/dubbogo/gost/math/big/helper.go:172.3,175.29 3 44
github.com/dubbogo/gost/math/big/helper.go:180.3,180.9 1 44
github.com/dubbogo/gost/math/big/helper.go:162.37,164.9 2 3
github.com/dubbogo/gost/math/big/helper.go:167.22,170.9 3 1
github.com/dubbogo/gost/math/big/helper.go:175.29,178.9 3 0
github.com/dubbogo/gost/math/big/helper.go:182.13,184.3 1 2
github.com/dubbogo/gost/math/big/helper.go:186.33,188.3 1 0
github.com/dubbogo/gost/math/big/helper.go:190.31,192.3 1 0
github.com/dubbogo/gost/math/big/helper.go:194.14,196.3 1 7
github.com/dubbogo/gost/net/net.go:42.13,43.78 1 1
github.com/dubbogo/gost/net/net.go:43.78,44.52 1 3
github.com/dubbogo/gost/net/net.go:44.52,46.4 1 3
github.com/dubbogo/gost/net/net.go:51.35,53.16 2 3
github.com/dubbogo/gost/net/net.go:57.2,58.29 2 3
github.com/dubbogo/gost/net/net.go:76.2,76.17 1 0
github.com/dubbogo/gost/net/net.go:80.2,80.27 1 0
github.com/dubbogo/gost/net/net.go:53.16,55.3 1 0
github.com/dubbogo/gost/net/net.go:58.29,59.37 1 18
github.com/dubbogo/gost/net/net.go:63.3,64.17 2 3
github.com/dubbogo/gost/net/net.go:68.3,68.42 1 3
github.com/dubbogo/gost/net/net.go:59.37,60.12 1 15
github.com/dubbogo/gost/net/net.go:64.17,66.4 1 0
github.com/dubbogo/gost/net/net.go:68.42,70.25 2 3
github.com/dubbogo/gost/net/net.go:70.25,72.5 1 3
github.com/dubbogo/gost/net/net.go:76.17,78.3 1 0
github.com/dubbogo/gost/net/net.go:83.34,84.37 1 3
github.com/dubbogo/gost/net/net.go:89.2,89.14 1 0
github.com/dubbogo/gost/net/net.go:84.37,85.24 1 9
github.com/dubbogo/gost/net/net.go:85.24,87.4 1 3
github.com/dubbogo/gost/net/net.go:92.52,93.29 1 3
github.com/dubbogo/gost/net/net.go:115.2,115.19 1 0
github.com/dubbogo/gost/net/net.go:93.29,96.27 2 6
github.com/dubbogo/gost/net/net.go:103.3,103.35 1 6
github.com/dubbogo/gost/net/net.go:107.3,108.16 2 6
github.com/dubbogo/gost/net/net.go:113.3,113.18 1 3
github.com/dubbogo/gost/net/net.go:97.19,98.13 1 6
github.com/dubbogo/gost/net/net.go:99.20,100.13 1 0
github.com/dubbogo/gost/net/net.go:103.35,104.12 1 0
github.com/dubbogo/gost/net/net.go:108.16,110.12 1 3
github.com/dubbogo/gost/net/net.go:118.55,119.32 1 18
github.com/dubbogo/gost/net/net.go:124.2,124.38 1 6
github.com/dubbogo/gost/net/net.go:129.2,129.60 1 3
github.com/dubbogo/gost/net/net.go:133.2,133.13 1 3
github.com/dubbogo/gost/net/net.go:119.32,122.3 1 12
github.com/dubbogo/gost/net/net.go:124.38,127.3 1 3
github.com/dubbogo/gost/net/net.go:129.60,131.3 1 0
github.com/dubbogo/gost/net/net.go:137.45,138.40 1 3
github.com/dubbogo/gost/net/net.go:142.2,144.22 3 3
github.com/dubbogo/gost/net/net.go:150.2,156.25 7 1
github.com/dubbogo/gost/net/net.go:138.40,140.3 1 0
github.com/dubbogo/gost/net/net.go:144.22,146.3 1 2
github.com/dubbogo/gost/net/net.go:160.65,165.17 2 2
github.com/dubbogo/gost/net/net.go:172.2,172.42 1 2
github.com/dubbogo/gost/net/net.go:165.17,167.3 1 1
github.com/dubbogo/gost/net/net.go:176.61,181.17 2 2
github.com/dubbogo/gost/net/net.go:185.2,185.42 1 2
github.com/dubbogo/gost/net/net.go:181.17,183.3 1 1
github.com/dubbogo/gost/net/net.go:189.47,191.36 1 24
github.com/dubbogo/gost/net/net.go:195.2,195.42 1 20
github.com/dubbogo/gost/net/net.go:191.36,194.3 2 4
github.com/dubbogo/gost/net/net.go:198.52,199.33 1 20
github.com/dubbogo/gost/net/net.go:204.2,205.44 2 18
github.com/dubbogo/gost/net/net.go:209.2,212.16 3 12
github.com/dubbogo/gost/net/net.go:216.2,217.52 2 12
github.com/dubbogo/gost/net/net.go:221.2,223.13 3 10
github.com/dubbogo/gost/net/net.go:227.2,229.64 2 10
github.com/dubbogo/gost/net/net.go:234.2,234.21 1 10
github.com/dubbogo/gost/net/net.go:239.2,239.33 1 8
github.com/dubbogo/gost/net/net.go:243.2,244.33 2 8
github.com/dubbogo/gost/net/net.go:265.2,265.13 1 4
github.com/dubbogo/gost/net/net.go:199.33,202.3 2 2
github.com/dubbogo/gost/net/net.go:205.44,207.3 1 6
github.com/dubbogo/gost/net/net.go:212.16,214.3 1 6
github.com/dubbogo/gost/net/net.go:217.52,219.3 1 2
github.com/dubbogo/gost/net/net.go:223.13,225.3 1 5
github.com/dubbogo/gost/net/net.go:229.64,232.3 2 0
github.com/dubbogo/gost/net/net.go:234.21,236.3 1 2
github.com/dubbogo/gost/net/net.go:239.33,241.3 1 0
github.com/dubbogo/gost/net/net.go:244.33,245.48 1 45
github.com/dubbogo/gost/net/net.go:245.48,246.12 1 39
github.com/dubbogo/gost/net/net.go:247.9,247.44 1 6
github.com/dubbogo/gost/net/net.go:247.44,249.30 2 4
github.com/dubbogo/gost/net/net.go:253.4,256.28 4 4
github.com/dubbogo/gost/net/net.go:249.30,252.5 2 0
github.com/dubbogo/gost/net/net.go:256.28,258.5 1 2
github.com/dubbogo/gost/net/net.go:259.9,259.111 1 2
github.com/dubbogo/gost/net/net.go:259.111,260.12 1 0
github.com/dubbogo/gost/net/net.go:261.9,261.37 1 2
github.com/dubbogo/gost/net/net.go:261.37,263.4 1 2
github.com/dubbogo/gost/net/net.go:268.45,270.2 1 9
github.com/dubbogo/gost/net/net.go:272.73,273.13 1 10
github.com/dubbogo/gost/net/net.go:285.2,285.12 1 10
github.com/dubbogo/gost/net/net.go:273.13,274.51 1 5
github.com/dubbogo/gost/net/net.go:277.3,277.57 1 5
github.com/dubbogo/gost/net/net.go:274.51,276.4 1 0
github.com/dubbogo/gost/net/net.go:277.57,279.4 1 0
github.com/dubbogo/gost/net/net.go:280.8,281.21 1 5
github.com/dubbogo/gost/net/net.go:281.21,283.4 1 0
github.com/dubbogo/gost/net/net.go:288.66,290.72 2 12
github.com/dubbogo/gost/net/net.go:304.2,304.15 1 12
github.com/dubbogo/gost/net/net.go:290.72,294.3 3 2
github.com/dubbogo/gost/net/net.go:294.8,294.79 1 10
github.com/dubbogo/gost/net/net.go:294.79,297.3 2 0
github.com/dubbogo/gost/net/net.go:297.8,297.53 1 10
github.com/dubbogo/gost/net/net.go:297.53,301.3 3 2
github.com/dubbogo/gost/net/net.go:301.8,303.3 1 8
github.com/dubbogo/gost/net/net.go:307.59,308.12 1 12
github.com/dubbogo/gost/net/net.go:312.2,313.19 2 6
github.com/dubbogo/gost/net/net.go:308.12,311.3 2 6
github.com/dubbogo/gost/path/filepath/path.go:26.40,28.16 2 4
github.com/dubbogo/gost/path/filepath/path.go:31.2,31.24 1 2
github.com/dubbogo/gost/path/filepath/path.go:35.2,35.19 1 0
github.com/dubbogo/gost/path/filepath/path.go:28.16,30.3 1 2
github.com/dubbogo/gost/path/filepath/path.go:31.24,33.3 1 2
github.com/dubbogo/gost/path/filepath/path.go:40.44,42.16 2 4
github.com/dubbogo/gost/path/filepath/path.go:45.2,45.18 1 2
github.com/dubbogo/gost/path/filepath/path.go:49.2,49.18 1 1
github.com/dubbogo/gost/path/filepath/path.go:42.16,44.3 1 2
github.com/dubbogo/gost/path/filepath/path.go:45.18,47.3 1 1
github.com/dubbogo/gost/path/filepath/path.go:54.43,56.16 2 4
github.com/dubbogo/gost/path/filepath/path.go:59.2,59.19 1 2
github.com/dubbogo/gost/path/filepath/path.go:63.2,63.18 1 1
github.com/dubbogo/gost/path/filepath/path.go:56.16,58.3 1 2
github.com/dubbogo/gost/path/filepath/path.go:59.19,61.3 1 1
github.com/dubbogo/gost/remoting/etcd3/client.go:65.48,66.28 1 0
github.com/dubbogo/gost/remoting/etcd3/client.go:66.28,68.3 1 0
github.com/dubbogo/gost/remoting/etcd3/client.go:72.35,73.28 1 0
github.com/dubbogo/gost/remoting/etcd3/client.go:73.28,75.3 1 0
github.com/dubbogo/gost/remoting/etcd3/client.go:79.48,80.28 1 0
github.com/dubbogo/gost/remoting/etcd3/client.go:80.28,82.3 1 0
github.com/dubbogo/gost/remoting/etcd3/client.go:86.42,87.28 1 0
github.com/dubbogo/gost/remoting/etcd3/client.go:87.28,89.3 1 0
github.com/dubbogo/gost/remoting/etcd3/client.go:93.46,97.27 2 0
github.com/dubbogo/gost/remoting/etcd3/client.go:101.2,102.16 2 0
github.com/dubbogo/gost/remoting/etcd3/client.go:106.2,106.18 1 0
github.com/dubbogo/gost/remoting/etcd3/client.go:97.27,99.3 1 0
github.com/dubbogo/gost/remoting/etcd3/client.go:102.16,105.3 1 0
github.com/dubbogo/gost/remoting/etcd3/client.go:128.104,136.16 3 9
github.com/dubbogo/gost/remoting/etcd3/client.go:140.2,153.46 2 9
github.com/dubbogo/gost/remoting/etcd3/client.go:156.2,156.15 1 9
github.com/dubbogo/gost/remoting/etcd3/client.go:136.16,138.3 1 0
github.com/dubbogo/gost/remoting/etcd3/client.go:153.46,155.3 1 0
github.com/dubbogo/gost/remoting/etcd3/client.go:160.26,169.2 3 8
github.com/dubbogo/gost/remoting/etcd3/client.go:171.30,172.9 1 8
github.com/dubbogo/gost/remoting/etcd3/client.go:178.2,178.14 1 8
github.com/dubbogo/gost/remoting/etcd3/client.go:173.16,174.14 1 0
github.com/dubbogo/gost/remoting/etcd3/client.go:175.10,176.16 1 8
github.com/dubbogo/gost/remoting/etcd3/client.go:182.26,183.14 1 8
github.com/dubbogo/gost/remoting/etcd3/client.go:188.2,195.24 5 8
github.com/dubbogo/gost/remoting/etcd3/client.go:198.2,198.81 1 8
github.com/dubbogo/gost/remoting/etcd3/client.go:183.14,185.3 1 0
github.com/dubbogo/gost/remoting/etcd3/client.go:195.24,197.3 1 8
github.com/dubbogo/gost/remoting/etcd3/client.go:201.44,203.16 2 9
github.com/dubbogo/gost/remoting/etcd3/client.go:208.2,210.12 3 9
github.com/dubbogo/gost/remoting/etcd3/client.go:203.16,205.3 1 0
github.com/dubbogo/gost/remoting/etcd3/client.go:213.64,214.15 1 9
github.com/dubbogo/gost/remoting/etcd3/client.go:219.2,219.6 1 9
github.com/dubbogo/gost/remoting/etcd3/client.go:214.15,217.3 2 8
github.com/dubbogo/gost/remoting/etcd3/client.go:219.6,220.10 1 9
github.com/dubbogo/gost/remoting/etcd3/client.go:221.19,223.10 1 8
github.com/dubbogo/gost/remoting/etcd3/client.go:224.19,232.10 6 0
github.com/dubbogo/gost/remoting/etcd3/client.go:238.75,242.24 3 16
github.com/dubbogo/gost/remoting/etcd3/client.go:246.2,250.12 2 16
github.com/dubbogo/gost/remoting/etcd3/client.go:242.24,244.3 1 0
github.com/dubbogo/gost/remoting/etcd3/client.go:255.78,259.24 3 0
github.com/dubbogo/gost/remoting/etcd3/client.go:263.2,267.12 2 0
github.com/dubbogo/gost/remoting/etcd3/client.go:259.24,261.3 1 0
github.com/dubbogo/gost/remoting/etcd3/client.go:270.41,274.24 3 8
github.com/dubbogo/gost/remoting/etcd3/client.go:278.2,279.12 2 8
github.com/dubbogo/gost/remoting/etcd3/client.go:274.24,276.3 1 0
github.com/dubbogo/gost/remoting/etcd3/client.go:282.48,286.24 3 8
github.com/dubbogo/gost/remoting/etcd3/client.go:290.2,291.16 2 8
github.com/dubbogo/gost/remoting/etcd3/client.go:295.2,295.24 1 8
github.com/dubbogo/gost/remoting/etcd3/client.go:299.2,299.39 1 4
github.com/dubbogo/gost/remoting/etcd3/client.go:286.24,288.3 1 0
github.com/dubbogo/gost/remoting/etcd3/client.go:291.16,293.3 1 0
github.com/dubbogo/gost/remoting/etcd3/client.go:295.24,297.3 1 4
github.com/dubbogo/gost/remoting/etcd3/client.go:303.34,307.24 3 8
github.com/dubbogo/gost/remoting/etcd3/client.go:311.2,312.12 2 8
github.com/dubbogo/gost/remoting/etcd3/client.go:307.24,309.3 1 0
github.com/dubbogo/gost/remoting/etcd3/client.go:315.68,319.24 3 1
github.com/dubbogo/gost/remoting/etcd3/client.go:323.2,324.16 2 1
github.com/dubbogo/gost/remoting/etcd3/client.go:328.2,328.24 1 1
github.com/dubbogo/gost/remoting/etcd3/client.go:332.2,334.30 3 1
github.com/dubbogo/gost/remoting/etcd3/client.go:338.2,338.26 1 1
github.com/dubbogo/gost/remoting/etcd3/client.go:319.24,321.3 1 0
github.com/dubbogo/gost/remoting/etcd3/client.go:324.16,326.3 1 0
github.com/dubbogo/gost/remoting/etcd3/client.go:328.24,330.3 1 0
github.com/dubbogo/gost/remoting/etcd3/client.go:334.30,337.3 2 3
github.com/dubbogo/gost/remoting/etcd3/client.go:341.77,345.24 3 0
github.com/dubbogo/gost/remoting/etcd3/client.go:349.2,349.69 1 0
github.com/dubbogo/gost/remoting/etcd3/client.go:345.24,347.3 1 0
github.com/dubbogo/gost/remoting/etcd3/client.go:352.62,356.24 3 2
github.com/dubbogo/gost/remoting/etcd3/client.go:360.2,360.41 1 2
github.com/dubbogo/gost/remoting/etcd3/client.go:356.24,358.3 1 0
github.com/dubbogo/gost/remoting/etcd3/client.go:363.56,367.24 3 1
github.com/dubbogo/gost/remoting/etcd3/client.go:372.2,373.16 2 1
github.com/dubbogo/gost/remoting/etcd3/client.go:377.2,378.36 2 1
github.com/dubbogo/gost/remoting/etcd3/client.go:386.2,387.55 2 1
github.com/dubbogo/gost/remoting/etcd3/client.go:367.24,369.3 1 0
github.com/dubbogo/gost/remoting/etcd3/client.go:373.16,375.3 1 0
github.com/dubbogo/gost/remoting/etcd3/client.go:378.36,380.17 2 0
github.com/dubbogo/gost/remoting/etcd3/client.go:383.3,383.41 1 0
github.com/dubbogo/gost/remoting/etcd3/client.go:380.17,382.4 1 0
github.com/dubbogo/gost/remoting/etcd3/client.go:391.41,393.2 1 9
github.com/dubbogo/gost/remoting/etcd3/client.go:396.31,397.9 1 3
github.com/dubbogo/gost/remoting/etcd3/client.go:403.2,405.27 3 1
github.com/dubbogo/gost/remoting/etcd3/client.go:398.16,399.15 1 2
github.com/dubbogo/gost/remoting/etcd3/client.go:400.10,400.10 0 1
github.com/dubbogo/gost/remoting/etcd3/client.go:409.51,412.2 2 16
github.com/dubbogo/gost/remoting/etcd3/client.go:415.44,418.2 2 0
github.com/dubbogo/gost/remoting/etcd3/client.go:421.41,424.2 2 4
github.com/dubbogo/gost/remoting/etcd3/client.go:427.50,430.2 2 1
github.com/dubbogo/gost/remoting/etcd3/client.go:433.74,436.2 2 1
github.com/dubbogo/gost/remoting/etcd3/client.go:439.48,442.2 2 8
github.com/dubbogo/gost/remoting/etcd3/client.go:445.62,448.2 2 0
github.com/dubbogo/gost/remoting/etcd3/client.go:451.77,454.2 2 0
github.com/dubbogo/gost/runtime/goroutine.go:29.102,30.15 1 5
github.com/dubbogo/gost/runtime/goroutine.go:33.2,33.12 1 5
github.com/dubbogo/gost/runtime/goroutine.go:30.15,32.3 1 3
github.com/dubbogo/gost/runtime/goroutine.go:33.12,34.16 1 5
github.com/dubbogo/gost/runtime/goroutine.go:65.3,65.12 1 5
github.com/dubbogo/gost/runtime/goroutine.go:34.16,35.32 1 5
github.com/dubbogo/gost/runtime/goroutine.go:61.4,61.17 1 5
github.com/dubbogo/gost/runtime/goroutine.go:35.32,36.23 1 3
github.com/dubbogo/gost/runtime/goroutine.go:40.5,40.25 1 3
github.com/dubbogo/gost/runtime/goroutine.go:36.23,39.6 1 3
github.com/dubbogo/gost/runtime/goroutine.go:40.25,41.19 1 3
github.com/dubbogo/gost/runtime/goroutine.go:44.6,44.16 1 3
github.com/dubbogo/gost/runtime/goroutine.go:41.19,43.7 1 2
github.com/dubbogo/gost/runtime/goroutine.go:44.16,45.20 1 3
github.com/dubbogo/gost/runtime/goroutine.go:57.7,57.19 1 3
github.com/dubbogo/gost/runtime/goroutine.go:45.20,46.36 1 3
github.com/dubbogo/gost/runtime/goroutine.go:53.8,53.21 1 3
github.com/dubbogo/gost/runtime/goroutine.go:46.36,47.27 1 0
github.com/dubbogo/gost/runtime/goroutine.go:47.27,50.10 1 0
github.com/dubbogo/gost/runtime/goroutine.go:53.21,55.9 1 2
github.com/dubbogo/gost/runtime/goroutine.go:61.17,63.5 1 3
github.com/dubbogo/gost/runtime/goroutine.go:72.98,76.23 1 3
github.com/dubbogo/gost/runtime/goroutine.go:76.23,77.18 1 1
github.com/dubbogo/gost/runtime/goroutine.go:80.4,80.53 1 1
github.com/dubbogo/gost/runtime/goroutine.go:77.18,79.5 1 1
github.com/dubbogo/gost/runtime/sys.go:48.22,50.2 1 1
github.com/dubbogo/gost/runtime/sys.go:53.70,55.16 2 1
github.com/dubbogo/gost/runtime/sys.go:59.2,59.59 1 1
github.com/dubbogo/gost/runtime/sys.go:55.16,57.3 1 0
github.com/dubbogo/gost/runtime/sys.go:63.22,65.8 2 1
github.com/dubbogo/gost/runtime/sys.go:69.2,69.14 1 1
github.com/dubbogo/gost/runtime/sys.go:65.8,67.3 1 0
github.com/dubbogo/gost/runtime/sys.go:73.45,75.2 1 0
github.com/dubbogo/gost/runtime/sys.go:78.25,80.2 1 1
github.com/dubbogo/gost/runtime/sys.go:83.28,85.2 1 1
github.com/dubbogo/gost/runtime/sys.go:88.43,90.16 2 1
github.com/dubbogo/gost/runtime/sys.go:94.2,95.16 2 1
github.com/dubbogo/gost/runtime/sys.go:102.2,104.24 2 1
github.com/dubbogo/gost/runtime/sys.go:90.16,92.3 1 0
github.com/dubbogo/gost/runtime/sys.go:95.16,97.3 1 0
github.com/dubbogo/gost/runtime/sys.go:108.49,110.16 2 1
github.com/dubbogo/gost/runtime/sys.go:114.2,115.16 2 1
github.com/dubbogo/gost/runtime/sys.go:119.2,119.24 1 1
github.com/dubbogo/gost/runtime/sys.go:110.16,112.3 1 0
github.com/dubbogo/gost/runtime/sys.go:115.16,117.3 1 0
github.com/dubbogo/gost/runtime/sys.go:123.45,125.16 2 1
github.com/dubbogo/gost/runtime/sys.go:129.2,130.16 2 1
github.com/dubbogo/gost/runtime/sys.go:134.2,134.25 1 1
github.com/dubbogo/gost/runtime/sys.go:125.16,127.3 1 0
github.com/dubbogo/gost/runtime/sys.go:130.16,132.3 1 0
github.com/dubbogo/gost/runtime/sys.go:138.61,140.16 2 0
github.com/dubbogo/gost/runtime/sys.go:153.2,153.15 1 0
github.com/dubbogo/gost/runtime/sys.go:140.16,144.36 2 0
github.com/dubbogo/gost/runtime/sys.go:151.3,151.16 1 0
github.com/dubbogo/gost/runtime/sys.go:144.36,146.4 1 0
github.com/dubbogo/gost/runtime/sys.go:146.9,148.17 1 0
github.com/dubbogo/gost/runtime/sys.go:148.17,150.4 1 0
github.com/dubbogo/gost/runtime/sys.go:157.44,159.16 2 0
github.com/dubbogo/gost/runtime/sys.go:162.2,162.56 1 0
github.com/dubbogo/gost/runtime/sys.go:159.16,161.3 1 0
github.com/dubbogo/gost/runtime/sys.go:166.55,168.16 2 0
github.com/dubbogo/gost/runtime/sys.go:172.2,173.16 2 0
github.com/dubbogo/gost/runtime/sys.go:177.2,178.16 2 0
github.com/dubbogo/gost/runtime/sys.go:183.2,185.24 2 0
github.com/dubbogo/gost/runtime/sys.go:168.16,170.3 1 0
github.com/dubbogo/gost/runtime/sys.go:173.16,175.3 1 0
github.com/dubbogo/gost/runtime/sys.go:178.16,180.3 1 0
github.com/dubbogo/gost/sort/sort.go:24.27,26.2 1 1
github.com/dubbogo/gost/sort/sort.go:28.27,30.2 1 1
github.com/dubbogo/gost/sort/sort.go:32.29,34.2 1 1
github.com/dubbogo/gost/sort/sort.go:38.31,40.2 1 1
github.com/dubbogo/gost/sort/sort.go:42.41,44.2 1 15
github.com/dubbogo/gost/sort/sort.go:46.36,48.2 1 11
github.com/dubbogo/gost/sort/sort.go:52.31,54.2 1 1
github.com/dubbogo/gost/sort/sort.go:56.41,58.2 1 15
github.com/dubbogo/gost/sort/sort.go:60.36,62.2 1 11
github.com/dubbogo/gost/sort/sort.go:66.32,68.2 1 1
github.com/dubbogo/gost/sort/sort.go:70.42,72.2 1 15
github.com/dubbogo/gost/sort/sort.go:74.37,76.2 1 11
github.com/dubbogo/gost/strings/strings.go:26.32,27.14 1 0
github.com/dubbogo/gost/strings/strings.go:31.2,31.32 1 0
github.com/dubbogo/gost/strings/strings.go:35.2,35.14 1 0
github.com/dubbogo/gost/strings/strings.go:27.14,29.3 1 0
github.com/dubbogo/gost/strings/strings.go:31.32,33.3 1 0
github.com/dubbogo/gost/strings/strings.go:38.56,43.34 5 1
github.com/dubbogo/gost/strings/strings.go:47.2,48.15 2 1
github.com/dubbogo/gost/strings/strings.go:43.34,46.3 2 2
github.com/dubbogo/gost/strings/strings.go:53.56,54.20 1 9
github.com/dubbogo/gost/strings/strings.go:57.2,57.42 1 8
github.com/dubbogo/gost/strings/strings.go:60.2,60.42 1 7
github.com/dubbogo/gost/strings/strings.go:63.2,64.11 2 6
github.com/dubbogo/gost/strings/strings.go:54.20,56.3 1 1
github.com/dubbogo/gost/strings/strings.go:57.42,59.3 1 1
github.com/dubbogo/gost/strings/strings.go:60.42,62.3 1 1
github.com/dubbogo/gost/strings/strings.go:65.10,67.26 1 1
github.com/dubbogo/gost/strings/strings.go:68.24,70.48 1 1
github.com/dubbogo/gost/strings/strings.go:71.9,73.47 1 2
github.com/dubbogo/gost/strings/strings.go:74.10,78.78 3 2
github.com/dubbogo/gost/sync/options.go:40.38,41.22 1 7
github.com/dubbogo/gost/sync/options.go:45.2,45.17 1 7
github.com/dubbogo/gost/sync/options.go:49.2,49.20 1 7
github.com/dubbogo/gost/sync/options.go:53.2,53.31 1 7
github.com/dubbogo/gost/sync/options.go:41.22,42.59 1 0
github.com/dubbogo/gost/sync/options.go:45.17,47.3 1 6
github.com/dubbogo/gost/sync/options.go:49.20,51.3 1 0
github.com/dubbogo/gost/sync/options.go:53.31,55.3 1 0
github.com/dubbogo/gost/sync/options.go:61.56,62.34 1 7
github.com/dubbogo/gost/sync/options.go:62.34,64.3 1 7
github.com/dubbogo/gost/sync/options.go:68.61,69.34 1 1
github.com/dubbogo/gost/sync/options.go:69.34,71.3 1 1
github.com/dubbogo/gost/sync/options.go:75.61,76.34 1 7
github.com/dubbogo/gost/sync/options.go:76.34,78.3 1 7
github.com/dubbogo/gost/sync/task_pool.go:52.26,54.2 1 237051
github.com/dubbogo/gost/sync/task_pool.go:72.58,74.27 2 7
github.com/dubbogo/gost/sync/task_pool.go:78.2,86.34 3 7
github.com/dubbogo/gost/sync/task_pool.go:89.2,91.10 2 7
github.com/dubbogo/gost/sync/task_pool.go:74.27,76.3 1 15
github.com/dubbogo/gost/sync/task_pool.go:86.34,88.3 1 29
github.com/dubbogo/gost/sync/task_pool.go:95.28,96.36 1 7
github.com/dubbogo/gost/sync/task_pool.go:96.36,101.3 4 2017
github.com/dubbogo/gost/sync/task_pool.go:104.55,106.10 1 2017
github.com/dubbogo/gost/sync/task_pool.go:106.10,108.18 2 2017
github.com/dubbogo/gost/sync/task_pool.go:108.18,111.5 1 0
github.com/dubbogo/gost/sync/task_pool.go:118.51,126.6 3 2017
github.com/dubbogo/gost/sync/task_pool.go:126.6,127.10 1 636712
github.com/dubbogo/gost/sync/task_pool.go:128.17,129.18 1 2001
github.com/dubbogo/gost/sync/task_pool.go:134.4,134.14 1 2001
github.com/dubbogo/gost/sync/task_pool.go:136.20,137.10 1 634700
github.com/dubbogo/gost/sync/task_pool.go:129.18,132.5 1 0
github.com/dubbogo/gost/sync/task_pool.go:137.10,138.12 1 634705
github.com/dubbogo/gost/sync/task_pool.go:138.12,139.19 1 634707
github.com/dubbogo/gost/sync/task_pool.go:145.6,145.9 1 634707
github.com/dubbogo/gost/sync/task_pool.go:139.19,140.35 1 634708
github.com/dubbogo/gost/sync/task_pool.go:140.35,143.8 1 0
github.com/dubbogo/gost/sync/task_pool.go:153.46,157.9 3 312550
github.com/dubbogo/gost/sync/task_pool.go:158.16,159.15 1 0
github.com/dubbogo/gost/sync/task_pool.go:160.10,162.14 2 312550
github.com/dubbogo/gost/sync/task_pool.go:166.42,169.9 2 232222
github.com/dubbogo/gost/sync/task_pool.go:170.25,171.9 1 155395
github.com/dubbogo/gost/sync/task_pool.go:172.10,173.14 1 76827
github.com/dubbogo/gost/sync/task_pool.go:178.43,182.32 2 215829
github.com/dubbogo/gost/sync/task_pool.go:191.2,191.13 1 49061
github.com/dubbogo/gost/sync/task_pool.go:182.32,183.10 1 282529
github.com/dubbogo/gost/sync/task_pool.go:184.41,185.10 1 166768
github.com/dubbogo/gost/sync/task_pool.go:186.11,187.12 1 115761
github.com/dubbogo/gost/sync/task_pool.go:195.27,196.9 1 3
github.com/dubbogo/gost/sync/task_pool.go:197.16,198.9 1 0
github.com/dubbogo/gost/sync/task_pool.go:199.10,200.20 1 3
github.com/dubbogo/gost/sync/task_pool.go:200.20,202.4 1 3
github.com/dubbogo/gost/sync/task_pool.go:207.36,208.9 1 0
github.com/dubbogo/gost/sync/task_pool.go:209.16,210.14 1 0
github.com/dubbogo/gost/sync/task_pool.go:212.10,213.15 1 0
github.com/dubbogo/gost/sync/task_pool.go:217.28,220.26 3 3
github.com/dubbogo/gost/sync/task_pool.go:220.26,222.3 1 13
github.com/dubbogo/gost/sync/task_pool.go:239.50,240.14 1 7
github.com/dubbogo/gost/sync/task_pool.go:243.2,247.3 1 7
github.com/dubbogo/gost/sync/task_pool.go:240.14,242.3 1 0
github.com/dubbogo/gost/sync/task_pool.go:250.47,251.9 1 322749
github.com/dubbogo/gost/sync/task_pool.go:257.2,257.9 1 322749
github.com/dubbogo/gost/sync/task_pool.go:265.2,265.13 1 322749
github.com/dubbogo/gost/sync/task_pool.go:252.16,253.15 1 0
github.com/dubbogo/gost/sync/task_pool.go:254.10,254.10 0 322749
github.com/dubbogo/gost/sync/task_pool.go:258.16,259.15 1 0
github.com/dubbogo/gost/sync/task_pool.go:260.19,260.19 0 321732
github.com/dubbogo/gost/sync/task_pool.go:261.27,263.17 2 1017
github.com/dubbogo/gost/sync/task_pool.go:268.48,269.9 1 212022
github.com/dubbogo/gost/sync/task_pool.go:275.2,275.9 1 212022
github.com/dubbogo/gost/sync/task_pool.go:281.2,281.9 1 111533
github.com/dubbogo/gost/sync/task_pool.go:270.16,271.9 1 0
github.com/dubbogo/gost/sync/task_pool.go:272.10,272.10 0 212022
github.com/dubbogo/gost/sync/task_pool.go:276.19,278.9 1 100489
github.com/dubbogo/gost/sync/task_pool.go:279.10,279.10 0 111533
github.com/dubbogo/gost/sync/task_pool.go:282.19,282.19 0 50
github.com/dubbogo/gost/sync/task_pool.go:284.27,287.17 2 320
github.com/dubbogo/gost/sync/task_pool.go:288.10,290.14 1 111163
github.com/dubbogo/gost/sync/task_pool.go:294.41,295.15 1 1337
github.com/dubbogo/gost/sync/task_pool.go:303.2,304.24 2 1337
github.com/dubbogo/gost/sync/task_pool.go:295.15,296.31 1 1320
github.com/dubbogo/gost/sync/task_pool.go:300.3,301.10 2 1320
github.com/dubbogo/gost/sync/task_pool.go:296.31,299.4 1 0
github.com/dubbogo/gost/sync/task_pool.go:304.24,306.3 1 422271
github.com/dubbogo/gost/sync/task_pool.go:310.33,311.9 1 2
github.com/dubbogo/gost/sync/task_pool.go:312.16,313.9 1 0
github.com/dubbogo/gost/sync/task_pool.go:314.10,315.20 1 2
github.com/dubbogo/gost/sync/task_pool.go:315.20,318.4 2 2
github.com/dubbogo/gost/sync/task_pool.go:322.34,326.2 2 2
github.com/dubbogo/gost/sync/task_pool.go:329.42,330.9 1 0
github.com/dubbogo/gost/sync/task_pool.go:331.16,332.14 1 0
github.com/dubbogo/gost/sync/task_pool.go:333.10,334.15 1 0
github.com/dubbogo/gost/sync/task_pool.go:338.49,338.71 1 0
github.com/dubbogo/gost/time/count.go:33.30,35.22 2 13
github.com/dubbogo/gost/time/count.go:35.22,37.3 1 13
github.com/dubbogo/gost/time/count.go:40.30,42.2 1 0
github.com/dubbogo/gost/time/count.go:44.36,46.2 1 13
github.com/dubbogo/gost/time/sleep.go:34.46,35.12 1 0
github.com/dubbogo/gost/time/sleep.go:39.2,39.35 1 0
github.com/dubbogo/gost/time/sleep.go:35.12,37.3 1 0
github.com/dubbogo/gost/time/sleep.go:44.29,45.12 1 0
github.com/dubbogo/gost/time/sleep.go:49.2,49.28 1 0
github.com/dubbogo/gost/time/sleep.go:45.12,47.3 1 0
github.com/dubbogo/gost/time/sleep.go:55.50,56.12 1 5
github.com/dubbogo/gost/time/sleep.go:60.2,60.42 1 5
github.com/dubbogo/gost/time/sleep.go:56.12,58.3 1 0
github.com/dubbogo/gost/time/sleep.go:65.39,66.12 1 0
github.com/dubbogo/gost/time/sleep.go:70.2,70.38 1 0
github.com/dubbogo/gost/time/sleep.go:66.12,68.3 1 0
github.com/dubbogo/gost/time/sleep.go:76.40,77.12 1 1
github.com/dubbogo/gost/time/sleep.go:80.2,80.16 1 1
github.com/dubbogo/gost/time/sleep.go:84.2,84.26 1 1
github.com/dubbogo/gost/time/sleep.go:77.12,79.3 1 0
github.com/dubbogo/gost/time/sleep.go:80.16,81.52 1 0
github.com/dubbogo/gost/time/sleep.go:88.24,89.16 1 2
github.com/dubbogo/gost/time/sleep.go:93.2,94.11 2 2
github.com/dubbogo/gost/time/sleep.go:89.16,90.52 1 0
github.com/dubbogo/gost/time/ticker.go:33.41,34.12 1 0
github.com/dubbogo/gost/time/ticker.go:38.2,38.39 1 0
github.com/dubbogo/gost/time/ticker.go:34.12,36.3 1 0
github.com/dubbogo/gost/time/ticker.go:42.50,43.12 1 4
github.com/dubbogo/gost/time/ticker.go:47.2,47.41 1 4
github.com/dubbogo/gost/time/ticker.go:43.12,45.3 1 0
github.com/dubbogo/gost/time/ticker.go:55.45,56.12 1 0
github.com/dubbogo/gost/time/ticker.go:60.2,60.34 1 0
github.com/dubbogo/gost/time/ticker.go:56.12,58.3 1 0
github.com/dubbogo/gost/time/ticker.go:66.25,68.2 1 1
github.com/dubbogo/gost/time/ticker.go:72.41,73.12 1 0
github.com/dubbogo/gost/time/ticker.go:77.2,77.22 1 0
github.com/dubbogo/gost/time/ticker.go:73.12,75.3 1 0
github.com/dubbogo/gost/time/time.go:26.49,28.2 1 0
github.com/dubbogo/gost/time/time.go:30.51,32.2 1 0
github.com/dubbogo/gost/time/time.go:34.55,36.2 1 0
github.com/dubbogo/gost/time/time.go:38.52,40.2 1 22
github.com/dubbogo/gost/time/time.go:42.55,44.2 1 42
github.com/dubbogo/gost/time/time.go:46.55,48.2 1 0
github.com/dubbogo/gost/time/time.go:50.54,52.2 1 0
github.com/dubbogo/gost/time/time.go:58.75,60.2 1 0
github.com/dubbogo/gost/time/time.go:63.78,65.2 1 0
github.com/dubbogo/gost/time/time.go:67.41,69.2 1 0
github.com/dubbogo/gost/time/time.go:71.32,73.2 1 0
github.com/dubbogo/gost/time/time.go:75.38,77.2 1 1
github.com/dubbogo/gost/time/time.go:79.42,81.2 1 301
github.com/dubbogo/gost/time/time.go:83.45,85.16 2 0
github.com/dubbogo/gost/time/time.go:89.2,89.24 1 0
github.com/dubbogo/gost/time/time.go:85.16,86.13 1 0
github.com/dubbogo/gost/time/time.go:93.35,95.2 1 1
github.com/dubbogo/gost/time/time.go:97.39,99.2 1 1
github.com/dubbogo/gost/time/time.go:101.42,103.16 2 4
github.com/dubbogo/gost/time/time.go:129.2,129.16 1 0
github.com/dubbogo/gost/time/time.go:104.13,108.34 4 1
github.com/dubbogo/gost/time/time.go:110.14,115.34 5 1
github.com/dubbogo/gost/time/time.go:117.15,121.34 4 1
github.com/dubbogo/gost/time/time.go:123.14,126.34 3 1
github.com/dubbogo/gost/time/timer.go:42.30,43.34 1 6
github.com/dubbogo/gost/time/timer.go:43.34,45.3 1 1
github.com/dubbogo/gost/time/timer.go:48.41,50.2 1 1
github.com/dubbogo/gost/time/timer.go:53.22,55.2 1 0
github.com/dubbogo/gost/time/timer.go:79.36,79.79 1 0
github.com/dubbogo/gost/time/timer.go:80.36,80.74 1 302
github.com/dubbogo/gost/time/timer.go:81.36,81.74 1 306
github.com/dubbogo/gost/time/timer.go:82.36,82.72 1 304
github.com/dubbogo/gost/time/timer.go:83.36,83.84 1 304
github.com/dubbogo/gost/time/timer.go:101.89,110.2 1 305
github.com/dubbogo/gost/time/timer.go:112.53,115.30 2 453
github.com/dubbogo/gost/time/timer.go:123.2,123.12 1 453
github.com/dubbogo/gost/time/timer.go:115.30,117.3 1 230
github.com/dubbogo/gost/time/timer.go:117.8,117.37 1 223
github.com/dubbogo/gost/time/timer.go:117.37,119.3 1 208
github.com/dubbogo/gost/time/timer.go:119.8,121.3 1 15
github.com/dubbogo/gost/time/timer.go:175.34,184.37 3 3
github.com/dubbogo/gost/time/timer.go:188.2,189.12 2 3
github.com/dubbogo/gost/time/timer.go:242.2,243.10 2 3
github.com/dubbogo/gost/time/timer.go:184.37,186.3 1 15
github.com/dubbogo/gost/time/timer.go:189.12,199.7 3 3
github.com/dubbogo/gost/time/timer.go:199.7,200.24 1 13313
github.com/dubbogo/gost/time/timer.go:203.4,203.11 1 13313
github.com/dubbogo/gost/time/timer.go:200.24,201.15 1 0
github.com/dubbogo/gost/time/timer.go:204.33,206.38 2 13008
github.com/dubbogo/gost/time/timer.go:215.5,215.15 1 1
github.com/dubbogo/gost/time/timer.go:217.40,219.14 1 303
github.com/dubbogo/gost/time/timer.go:237.5,237.15 1 0
github.com/dubbogo/gost/time/timer.go:206.38,208.18 2 13007
github.com/dubbogo/gost/time/timer.go:212.6,212.14 1 13007
github.com/dubbogo/gost/time/timer.go:208.18,210.7 1 13007
github.com/dubbogo/gost/time/timer.go:219.14,220.13 1 303
github.com/dubbogo/gost/time/timer.go:234.6,234.14 1 303
github.com/dubbogo/gost/time/timer.go:221.47,223.41 2 301
github.com/dubbogo/gost/time/timer.go:224.47,226.41 2 1
github.com/dubbogo/gost/time/timer.go:227.49,229.40 1 1
github.com/dubbogo/gost/time/timer.go:230.14,232.41 2 0
github.com/dubbogo/gost/time/timer.go:246.31,247.26 1 0
github.com/dubbogo/gost/time/timer.go:247.26,250.3 1 0
github.com/dubbogo/gost/time/timer.go:254.40,256.2 1 14
github.com/dubbogo/gost/time/timer.go:259.38,261.2 1 0
github.com/dubbogo/gost/time/timer.go:263.28,275.44 5 13007
github.com/dubbogo/gost/time/timer.go:292.2,292.28 1 13007
github.com/dubbogo/gost/time/timer.go:275.44,277.24 2 7444
github.com/dubbogo/gost/time/timer.go:281.3,282.42 2 300
github.com/dubbogo/gost/time/timer.go:289.3,290.17 2 300
github.com/dubbogo/gost/time/timer.go:277.24,278.9 1 7144
github.com/dubbogo/gost/time/timer.go:282.42,285.4 1 0
github.com/dubbogo/gost/time/timer.go:285.9,287.4 1 300
github.com/dubbogo/gost/time/timer.go:292.28,295.3 2 0
github.com/dubbogo/gost/time/timer.go:298.59,305.48 3 304
github.com/dubbogo/gost/time/timer.go:312.2,312.16 1 304
github.com/dubbogo/gost/time/timer.go:305.48,306.55 1 453
github.com/dubbogo/gost/time/timer.go:306.55,308.9 2 230
github.com/dubbogo/gost/time/timer.go:312.16,314.3 1 230
github.com/dubbogo/gost/time/timer.go:314.8,318.3 1 74
github.com/dubbogo/gost/time/timer.go:321.55,327.30 2 1
github.com/dubbogo/gost/time/timer.go:327.30,328.58 1 1
github.com/dubbogo/gost/time/timer.go:328.58,329.42 1 1
github.com/dubbogo/gost/time/timer.go:329.42,332.15 2 1
github.com/dubbogo/gost/time/timer.go:338.54,344.30 2 1
github.com/dubbogo/gost/time/timer.go:344.30,345.58 1 1
github.com/dubbogo/gost/time/timer.go:345.58,346.42 1 1
github.com/dubbogo/gost/time/timer.go:346.42,353.15 7 1
github.com/dubbogo/gost/time/timer.go:359.51,364.35 2 13007
github.com/dubbogo/gost/time/timer.go:368.2,368.35 1 13007
github.com/dubbogo/gost/time/timer.go:364.35,366.3 1 65035
github.com/dubbogo/gost/time/timer.go:371.55,378.9 3 304
github.com/dubbogo/gost/time/timer.go:393.2,393.25 1 304
github.com/dubbogo/gost/time/timer.go:379.17,380.10 1 0
github.com/dubbogo/gost/time/timer.go:381.25,382.10 1 0
github.com/dubbogo/gost/time/timer.go:383.26,384.10 1 0
github.com/dubbogo/gost/time/timer.go:385.28,386.10 1 2
github.com/dubbogo/gost/time/timer.go:387.28,388.10 1 0
github.com/dubbogo/gost/time/timer.go:389.10,390.10 1 302
github.com/dubbogo/gost/time/timer.go:396.46,406.53 4 132
github.com/dubbogo/gost/time/timer.go:406.53,409.10 3 2
github.com/dubbogo/gost/time/timer.go:422.3,422.12 1 2
github.com/dubbogo/gost/time/timer.go:426.3,429.25 3 2
github.com/dubbogo/gost/time/timer.go:410.26,411.17 1 0
github.com/dubbogo/gost/time/timer.go:412.19,413.31 1 0
github.com/dubbogo/gost/time/timer.go:414.19,415.31 1 2
github.com/dubbogo/gost/time/timer.go:416.19,417.29 1 0
github.com/dubbogo/gost/time/timer.go:418.19,419.28 1 0
github.com/dubbogo/gost/time/timer.go:422.12,423.9 1 0
github.com/dubbogo/gost/time/timer.go:433.57,447.34 6 13007
github.com/dubbogo/gost/time/timer.go:450.2,452.47 2 13007
github.com/dubbogo/gost/time/timer.go:457.2,458.42 2 13007
github.com/dubbogo/gost/time/timer.go:467.2,467.35 1 13007
github.com/dubbogo/gost/time/timer.go:471.2,471.10 1 13007
github.com/dubbogo/gost/time/timer.go:447.34,449.3 1 0
github.com/dubbogo/gost/time/timer.go:452.47,455.3 2 65035
github.com/dubbogo/gost/time/timer.go:458.42,459.20 1 65035
github.com/dubbogo/gost/time/timer.go:459.20,464.4 4 13139
github.com/dubbogo/gost/time/timer.go:467.35,469.3 1 132
github.com/dubbogo/gost/time/timer.go:475.29,476.19 1 2
github.com/dubbogo/gost/time/timer.go:476.19,480.3 2 2
github.com/dubbogo/gost/time/timer.go:484.30,487.2 2 0
github.com/dubbogo/gost/time/timer.go:511.114,512.22 1 305
github.com/dubbogo/gost/time/timer.go:516.2,518.9 3 305
github.com/dubbogo/gost/time/timer.go:525.2,525.32 1 0
github.com/dubbogo/gost/time/timer.go:512.22,514.3 1 0
github.com/dubbogo/gost/time/timer.go:519.72,521.16 2 305
github.com/dubbogo/gost/time/timer.go:522.10,522.10 0 0
github.com/dubbogo/gost/time/timer.go:528.50,529.22 1 2
github.com/dubbogo/gost/time/timer.go:533.2,533.9 1 2
github.com/dubbogo/gost/time/timer.go:539.2,539.27 1 0
github.com/dubbogo/gost/time/timer.go:529.22,531.3 1 0
github.com/dubbogo/gost/time/timer.go:534.88,535.13 1 2
github.com/dubbogo/gost/time/timer.go:536.10,536.10 0 0
github.com/dubbogo/gost/time/timer.go:542.66,543.22 1 1
github.com/dubbogo/gost/time/timer.go:547.2,547.9 1 1
github.com/dubbogo/gost/time/timer.go:553.2,553.27 1 0
github.com/dubbogo/gost/time/timer.go:543.22,545.3 1 0
github.com/dubbogo/gost/time/timer.go:548.108,549.13 1 1
github.com/dubbogo/gost/time/timer.go:550.10,550.10 0 0
github.com/dubbogo/gost/time/timer.go:556.62,557.9 1 296
github.com/dubbogo/gost/time/timer.go:563.2,563.12 1 296
github.com/dubbogo/gost/time/timer.go:558.33,558.33 0 296
github.com/dubbogo/gost/time/timer.go:559.10,559.10 0 0
github.com/dubbogo/gost/time/timer.go:568.55,575.16 4 296
github.com/dubbogo/gost/time/timer.go:581.2,582.12 2 0
github.com/dubbogo/gost/time/timer.go:575.16,579.3 3 296
github.com/dubbogo/gost/time/timer.go:587.62,595.2 1 296
github.com/dubbogo/gost/time/timer.go:597.60,601.2 2 4
github.com/dubbogo/gost/time/timer.go:606.66,610.2 2 5
github.com/dubbogo/gost/time/timer.go:614.45,616.2 1 0
github.com/dubbogo/gost/time/timer.go:628.57,632.16 3 0
github.com/dubbogo/gost/time/timer.go:637.2,638.12 2 0
github.com/dubbogo/gost/time/timer.go:632.16,635.3 2 0
github.com/dubbogo/gost/time/timer.go:642.66,644.16 2 4
github.com/dubbogo/gost/time/timer.go:648.2,648.12 1 0
github.com/dubbogo/gost/time/timer.go:644.16,646.3 1 4
github.com/dubbogo/gost/time/timer.go:656.61,658.2 1 0
github.com/dubbogo/gost/time/wheel.go:38.55,43.15 2 2
github.com/dubbogo/gost/time/wheel.go:46.2,46.18 1 2
github.com/dubbogo/gost/time/wheel.go:50.2,59.12 2 2
github.com/dubbogo/gost/time/wheel.go:77.2,77.10 1 2
github.com/dubbogo/gost/time/wheel.go:43.15,44.22 1 0
github.com/dubbogo/gost/time/wheel.go:46.18,47.24 1 0
github.com/dubbogo/gost/time/wheel.go:59.12,61.29 2 2
github.com/dubbogo/gost/time/wheel.go:61.29,71.21 7 750
github.com/dubbogo/gost/time/wheel.go:71.21,73.5 1 80
github.com/dubbogo/gost/time/wheel.go:80.24,81.19 1 2
github.com/dubbogo/gost/time/wheel.go:81.19,81.38 1 2
github.com/dubbogo/gost/time/wheel.go:84.62,85.25 1 90
github.com/dubbogo/gost/time/wheel.go:89.2,90.13 2 90
github.com/dubbogo/gost/time/wheel.go:94.2,96.24 3 90
github.com/dubbogo/gost/time/wheel.go:99.2,102.10 3 90
github.com/dubbogo/gost/time/wheel.go:85.25,86.44 1 0
github.com/dubbogo/gost/time/wheel.go:90.13,92.3 1 90
github.com/dubbogo/gost/time/wheel.go:96.24,98.3 1 80
github.com/dubbogo/gost/time/wheel.go:105.33,111.2 4 0
